This is pdfTeX, Version 3.1415926-2.5-1.40.14 (MiKTeX 2.9) (preloaded format=pdflatex 2014.10.5)  1 FEB 2016 14:17
entering extended mode
**tech_doc_complex.tex
("D:\tech book 2015-2016\Complex_robot\tech_doc_complex.tex"
LaTeX2e <2011/06/27>
Babel <v3.8m> and hyphenation patterns for english, afrikaans, ancientgreek, ar
abic, armenian, assamese, basque, bengali, bokmal, bulgarian, catalan, coptic, 
croatian, czech, danish, dutch, esperanto, estonian, farsi, finnish, french, ga
lician, german, german-x-2013-05-26, greek, gujarati, hindi, hungarian, iceland
ic, indonesian, interlingua, irish, italian, kannada, kurmanji, latin, latvian,
 lithuanian, malayalam, marathi, mongolian, mongolianlmc, monogreek, ngerman, n
german-x-2013-05-26, nynorsk, oriya, panjabi, pinyin, polish, portuguese, roman
ian, russian, sanskrit, serbian, slovak, slovenian, spanish, swedish, swissgerm
an, tamil, telugu, turkish, turkmen, ukenglish, ukrainian, uppersorbian, usengl
ishmax, welsh, loaded.
("C:\Program Files (x86)\MiKTeX 2.9\tex\latex\base\article.cls"
Document Class: article 2007/10/19 v1.4h Standard LaTeX document class
("C:\Program Files (x86)\MiKTeX 2.9\tex\latex\base\size11.clo"
File: size11.clo 2007/10/19 v1.4h Standard LaTeX file (size option)
)
\c@part=\count79
\c@section=\count80
\c@subsection=\count81
\c@subsubsection=\count82
\c@paragraph=\count83
\c@subparagraph=\count84
\c@figure=\count85
\c@table=\count86
\abovecaptionskip=\skip41
\belowcaptionskip=\skip42
\bibindent=\dimen102
)
(C:\Users\User\AppData\Roaming\MiKTeX\2.9\tex\latex\ucs\ucs.sty
Package: ucs 2013/05/11 v2.2 UCS: Unicode input support

(C:\Users\User\AppData\Roaming\MiKTeX\2.9\tex\latex\ucs\uni-global.def
File: uni-global.def 2013/05/13 UCS: Unicode global data
)
\uc@secondtry=\count87
\uc@combtoks=\toks14
\uc@combtoksb=\toks15
\uc@temptokena=\toks16
)
("C:\Program Files (x86)\MiKTeX 2.9\tex\latex\graphics\graphicx.sty"
Package: graphicx 1999/02/16 v1.0f Enhanced LaTeX Graphics (DPC,SPQR)

("C:\Program Files (x86)\MiKTeX 2.9\tex\latex\graphics\keyval.sty"
Package: keyval 1999/03/16 v1.13 key=value parser (DPC)
\KV@toks@=\toks17
)
("C:\Program Files (x86)\MiKTeX 2.9\tex\latex\graphics\graphics.sty"
Package: graphics 2009/02/05 v1.0o Standard LaTeX Graphics (DPC,SPQR)

("C:\Program Files (x86)\MiKTeX 2.9\tex\latex\graphics\trig.sty"
Package: trig 1999/03/16 v1.09 sin cos tan (DPC)
)
("C:\Program Files (x86)\MiKTeX 2.9\tex\latex\00miktex\graphics.cfg"
File: graphics.cfg 2007/01/18 v1.5 graphics configuration of teTeX/TeXLive
)
Package graphics Info: Driver file: pdftex.def on input line 91.

("C:\Program Files (x86)\MiKTeX 2.9\tex\latex\pdftex-def\pdftex.def"
File: pdftex.def 2011/05/27 v0.06d Graphics/color for pdfTeX

("C:\Program Files (x86)\MiKTeX 2.9\tex\generic\oberdiek\infwarerr.sty"
Package: infwarerr 2010/04/08 v1.3 Providing info/warning/error messages (HO)
)
("C:\Program Files (x86)\MiKTeX 2.9\tex\generic\oberdiek\ltxcmds.sty"
Package: ltxcmds 2011/11/09 v1.22 LaTeX kernel commands for general use (HO)
)
\Gread@gobject=\count88
))
\Gin@req@height=\dimen103
\Gin@req@width=\dimen104
)
("C:\Program Files (x86)\MiKTeX 2.9\tex\latex\tools\verbatim.sty"
Package: verbatim 2003/08/22 v1.5q LaTeX2e package for verbatim enhancements
\every@verbatim=\toks18
\verbatim@line=\toks19
\verbatim@in@stream=\read1
)
(C:\Users\User\AppData\Roaming\MiKTeX\2.9\tex\latex\anyfontsize\anyfontsize.sty
Package: anyfontsize 2007/11/22 anyfontsize.sty by pts
) ("C:\Program Files (x86)\MiKTeX 2.9\tex\latex\base\fontenc.sty"
Package: fontenc 2005/09/27 v1.99g Standard LaTeX package

("C:\Program Files (x86)\MiKTeX 2.9\tex\latex\base\t1enc.def"
File: t1enc.def 2005/09/27 v1.99g Standard LaTeX file
LaTeX Font Info:    Redeclaring font encoding T1 on input line 43.
))
("C:\Program Files (x86)\MiKTeX 2.9\tex\latex\base\inputenc.sty"
Package: inputenc 2008/03/30 v1.1d Input encoding file
\inpenc@prehook=\toks20
\inpenc@posthook=\toks21

(C:\Users\User\AppData\Roaming\MiKTeX\2.9\tex\latex\ucs\utf8x.def
File: utf8x.def 2004/10/17 UCS: Input encoding UTF-8
))
("C:\Program Files (x86)\MiKTeX 2.9\tex\generic\babel\babel.sty"
Package: babel 2008/07/08 v3.8m The Babel package

*************************************
* Local config file bblopts.cfg used
*
("C:\Program Files (x86)\MiKTeX 2.9\tex\latex\00miktex\bblopts.cfg"
File: bblopts.cfg 2006/07/31 v1.0 MiKTeX 'babel' configuration
)
("C:\Program Files (x86)\MiKTeX 2.9\tex\generic\babel\english.ldf"
Language: english 2005/03/30 v3.3o English support from the babel system

("C:\Program Files (x86)\MiKTeX 2.9\tex\generic\babel\babel.def"
File: babel.def 2008/07/08 v3.8m Babel common definitions
\babel@savecnt=\count89
\U@D=\dimen105
)
\l@canadian = a dialect from \language\l@american 
\l@australian = a dialect from \language\l@british 
\l@newzealand = a dialect from \language\l@british 
)
("C:\Program Files (x86)\MiKTeX 2.9\tex\generic\babel\russianb.ldf"
Language: russianb 2008/03/21 v1.1r Russian support from the babel system

(C:\Users\User\AppData\Roaming\MiKTeX\2.9\tex\latex\cyrillic\t2aenc.def
File: t2aenc.def 2005/09/27 v1.0i Cyrillic encoding definition file
)
Package babel Info: Making " an active character on input line 199.
))
("C:\Program Files (x86)\MiKTeX 2.9\tex\latex\amsfonts\amssymb.sty"
Package: amssymb 2013/01/14 v3.01 AMS font symbols

("C:\Program Files (x86)\MiKTeX 2.9\tex\latex\amsfonts\amsfonts.sty"
Package: amsfonts 2013/01/14 v3.01 Basic AMSFonts support
\@emptytoks=\toks22
\symAMSa=\mathgroup4
\symAMSb=\mathgroup5
LaTeX Font Info:    Overwriting math alphabet `\mathfrak' in version `bold'
(Font)                  U/euf/m/n --> U/euf/b/n on input line 106.
))
("C:\Program Files (x86)\MiKTeX 2.9\tex\latex\amsmath\amsmath.sty"
Package: amsmath 2013/01/14 v2.14 AMS math features
\@mathmargin=\skip43

For additional information on amsmath, use the `?' option.
("C:\Program Files (x86)\MiKTeX 2.9\tex\latex\amsmath\amstext.sty"
Package: amstext 2000/06/29 v2.01

("C:\Program Files (x86)\MiKTeX 2.9\tex\latex\amsmath\amsgen.sty"
File: amsgen.sty 1999/11/30 v2.0
\@emptytoks=\toks23
\ex@=\dimen106
))
("C:\Program Files (x86)\MiKTeX 2.9\tex\latex\amsmath\amsbsy.sty"
Package: amsbsy 1999/11/29 v1.2d
\pmbraise@=\dimen107
)
("C:\Program Files (x86)\MiKTeX 2.9\tex\latex\amsmath\amsopn.sty"
Package: amsopn 1999/12/14 v2.01 operator names
)
\inf@bad=\count90
LaTeX Info: Redefining \frac on input line 210.
\uproot@=\count91
\leftroot@=\count92
LaTeX Info: Redefining \overline on input line 306.
\classnum@=\count93
\DOTSCASE@=\count94
LaTeX Info: Redefining \ldots on input line 378.
LaTeX Info: Redefining \dots on input line 381.
LaTeX Info: Redefining \cdots on input line 466.
\Mathstrutbox@=\box26
\strutbox@=\box27
\big@size=\dimen108
LaTeX Font Info:    Redeclaring font encoding OML on input line 566.
LaTeX Font Info:    Redeclaring font encoding OMS on input line 567.
\macc@depth=\count95
\c@MaxMatrixCols=\count96
\dotsspace@=\muskip10
\c@parentequation=\count97
\dspbrk@lvl=\count98
\tag@help=\toks24
\row@=\count99
\column@=\count100
\maxfields@=\count101
\andhelp@=\toks25
\eqnshift@=\dimen109
\alignsep@=\dimen110
\tagshift@=\dimen111
\tagwidth@=\dimen112
\totwidth@=\dimen113
\lineht@=\dimen114
\@envbody=\toks26
\multlinegap=\skip44
\multlinetaggap=\skip45
\mathdisplay@stack=\toks27
LaTeX Info: Redefining \[ on input line 2665.
LaTeX Info: Redefining \] on input line 2666.
)
(C:\Users\User\AppData\Roaming\MiKTeX\2.9\tex\latex\t2\mathtext.sty
Package: mathtext 1999/01/28 v1.0 transparent text-and-math defs
LaTeX Info: Redefining \halign on input line 111.
)
(C:\Users\User\AppData\Roaming\MiKTeX\2.9\tex\latex\cite\cite.sty
LaTeX Info: Redefining \cite on input line 302.
LaTeX Info: Redefining \nocite on input line 373.
Package: cite 2010/09/10  v 5.3
)
("C:\Program Files (x86)\MiKTeX 2.9\tex\latex\tools\enumerate.sty"
Package: enumerate 1999/03/05 v3.00 enumerate extensions (DPC)
\@enLab=\toks28
)
("C:\Program Files (x86)\MiKTeX 2.9\tex\latex\float\float.sty"
Package: float 2001/11/08 v1.3d Float enhancements (AL)
\c@float@type=\count102
\float@exts=\toks29
\float@box=\box28
\@float@everytoks=\toks30
\@floatcapt=\box29
)
("C:\Program Files (x86)\MiKTeX 2.9\tex\latex\geometry\geometry.sty"
Package: geometry 2010/09/12 v5.6 Page Geometry

("C:\Program Files (x86)\MiKTeX 2.9\tex\generic\oberdiek\ifpdf.sty"
Package: ifpdf 2011/01/30 v2.3 Provides the ifpdf switch (HO)
Package ifpdf Info: pdfTeX in PDF mode is detected.
)
("C:\Program Files (x86)\MiKTeX 2.9\tex\generic\oberdiek\ifvtex.sty"
Package: ifvtex 2010/03/01 v1.5 Detect VTeX and its facilities (HO)
Package ifvtex Info: VTeX not detected.
)
("C:\Program Files (x86)\MiKTeX 2.9\tex\generic\ifxetex\ifxetex.sty"
Package: ifxetex 2010/09/12 v0.6 Provides ifxetex conditional
)
\Gm@cnth=\count103
\Gm@cntv=\count104
\c@Gm@tempcnt=\count105
\Gm@bindingoffset=\dimen115
\Gm@wd@mp=\dimen116
\Gm@odd@mp=\dimen117
\Gm@even@mp=\dimen118
\Gm@layoutwidth=\dimen119
\Gm@layoutheight=\dimen120
\Gm@layouthoffset=\dimen121
\Gm@layoutvoffset=\dimen122
\Gm@dimlist=\toks31

("C:\Program Files (x86)\MiKTeX 2.9\tex\latex\geometry\geometry.cfg"))
(C:\Users\User\AppData\Roaming\MiKTeX\2.9\tex\latex\fancyhdr\fancyhdr.sty
\fancy@headwidth=\skip46
\f@ncyO@elh=\skip47
\f@ncyO@erh=\skip48
\f@ncyO@olh=\skip49
\f@ncyO@orh=\skip50
\f@ncyO@elf=\skip51
\f@ncyO@erf=\skip52
\f@ncyO@olf=\skip53
\f@ncyO@orf=\skip54
)
("C:\Program Files (x86)\MiKTeX 2.9\tex\latex\oberdiek\epstopdf.sty"
Package: epstopdf 2010/02/09 v2.5 Conversion with epstopdf on the fly (HO)

("C:\Program Files (x86)\MiKTeX 2.9\tex\latex\oberdiek\epstopdf-base.sty"
Package: epstopdf-base 2010/02/09 v2.5 Base part for package epstopdf

("C:\Program Files (x86)\MiKTeX 2.9\tex\latex\oberdiek\grfext.sty"
Package: grfext 2010/08/19 v1.1 Manage graphics extensions (HO)

("C:\Program Files (x86)\MiKTeX 2.9\tex\generic\oberdiek\kvdefinekeys.sty"
Package: kvdefinekeys 2011/04/07 v1.3 Define keys (HO)
))
("C:\Program Files (x86)\MiKTeX 2.9\tex\latex\oberdiek\kvoptions.sty"
Package: kvoptions 2011/06/30 v3.11 Key value format for package options (HO)

("C:\Program Files (x86)\MiKTeX 2.9\tex\generic\oberdiek\kvsetkeys.sty"
Package: kvsetkeys 2012/04/25 v1.16 Key value parser (HO)

("C:\Program Files (x86)\MiKTeX 2.9\tex\generic\oberdiek\etexcmds.sty"
Package: etexcmds 2011/02/16 v1.5 Avoid name clashes with e-TeX commands (HO)

("C:\Program Files (x86)\MiKTeX 2.9\tex\generic\oberdiek\ifluatex.sty"
Package: ifluatex 2010/03/01 v1.3 Provides the ifluatex switch (HO)
Package ifluatex Info: LuaTeX not detected.
)
Package etexcmds Info: Could not find \expanded.
(etexcmds)             That can mean that you are not using pdfTeX 1.50 or
(etexcmds)             that some package has redefined \expanded.
(etexcmds)             In the latter case, load this package earlier.
)))
("C:\Program Files (x86)\MiKTeX 2.9\tex\generic\oberdiek\pdftexcmds.sty"
Package: pdftexcmds 2011/11/29 v0.20 Utility functions of pdfTeX for LuaTeX (HO
)
Package pdftexcmds Info: LuaTeX not detected.
Package pdftexcmds Info: \pdf@primitive is available.
Package pdftexcmds Info: \pdf@ifprimitive is available.
Package pdftexcmds Info: \pdfdraftmode found.
)
Package grfext Info: Graphics extension search list:
(grfext)             [.png,.pdf,.jpg,.mps,.jpeg,.jbig2,.jb2,.PNG,.PDF,.JPG,.JPE
G,.JBIG2,.JB2,.eps]
(grfext)             \AppendGraphicsExtensions on input line 452.
))
("D:\tech book 2015-2016\Complex_robot\tech_doc_complex.aux"
LaTeX Font Info:    Try loading font information for T2A+cmr on input line 3.

(C:\Users\User\AppData\Roaming\MiKTeX\2.9\tex\latex\cyrillic\t2acmr.fd
File: t2acmr.fd 2001/08/11 v1.0a Computer Modern Cyrillic font definitions
))
LaTeX Font Info:    Checking defaults for OML/cmm/m/it on input line 59.
LaTeX Font Info:    ... okay on input line 59.
LaTeX Font Info:    Checking defaults for T1/cmr/m/n on input line 59.
LaTeX Font Info:    ... okay on input line 59.
LaTeX Font Info:    Checking defaults for OT1/cmr/m/n on input line 59.
LaTeX Font Info:    ... okay on input line 59.
LaTeX Font Info:    Checking defaults for OMS/cmsy/m/n on input line 59.
LaTeX Font Info:    ... okay on input line 59.
LaTeX Font Info:    Checking defaults for OMX/cmex/m/n on input line 59.
LaTeX Font Info:    ... okay on input line 59.
LaTeX Font Info:    Checking defaults for U/cmr/m/n on input line 59.
LaTeX Font Info:    ... okay on input line 59.
LaTeX Font Info:    Checking defaults for T2A/cmr/m/n on input line 59.
LaTeX Font Info:    ... okay on input line 59.

(C:\Users\User\AppData\Roaming\MiKTeX\2.9\tex\latex\ucs\ucsencs.def
File: ucsencs.def 2011/01/21 Fixes to fontencodings LGR, T3
)
(C:\Users\User\AppData\Roaming\MiKTeX\2.9\tex\context\base\supp-pdf.mkii
[Loading MPS to PDF converter (version 2006.09.02).]
\scratchcounter=\count106
\scratchdimen=\dimen123
\scratchbox=\box30
\nofMPsegments=\count107
\nofMParguments=\count108
\everyMPshowfont=\toks32
\MPscratchCnt=\count109
\MPscratchDim=\dimen124
\MPnumerator=\count110
\makeMPintoPDFobject=\count111
\everyMPtoPDFconversion=\toks33
)
*geometry* driver: auto-detecting
*geometry* detected driver: pdftex
*geometry* verbose mode - [ preamble ] result:
* driver: pdftex
* paper: <default>
* layout: <same size as paper>
* layoutoffset:(h,v)=(0.0pt,0.0pt)
* modes: twoside 
* h-part:(L,W,R)=(56.9055pt, 514.71037pt, 42.67912pt)
* v-part:(T,H,B)=(56.9055pt, 681.15898pt, 56.9055pt)
* \paperwidth=614.295pt
* \paperheight=794.96999pt
* \textwidth=514.71037pt
* \textheight=681.15898pt
* \oddsidemargin=-15.36449pt
* \evensidemargin=-29.59087pt
* \topmargin=-52.36449pt
* \headheight=12.0pt
* \headsep=25.0pt
* \topskip=11.0pt
* \footskip=30.0pt
* \marginparwidth=113.0pt
* \marginparsep=10.0pt
* \columnsep=10.0pt
* \skip\footins=10.0pt plus 4.0pt minus 2.0pt
* \hoffset=0.0pt
* \voffset=0.0pt
* \mag=1000
* \@twocolumnfalse
* \@twosidetrue
* \@mparswitchtrue
* \@reversemarginfalse
* (1in=72.27pt=25.4mm, 1cm=28.453pt)

("D:\tech book 2015-2016\Complex_robot\0Title/Title.tex"
<0Title/images/01.jpg, id=1, 257.96375pt x 257.96375pt>
File: 0Title/images/01.jpg Graphic file (type jpg)

<use 0Title/images/01.jpg>
Package pdftex.def Info: 0Title/images/01.jpg used on input line 8.
(pdftex.def)             Requested size: 116.0826pt x 116.0826pt.
LaTeX Font Info:    Try loading font information for U+msa on input line 9.

("C:\Program Files (x86)\MiKTeX 2.9\tex\latex\amsfonts\umsa.fd"
File: umsa.fd 2013/01/14 v3.01 AMS symbols A
)
LaTeX Font Info:    Try loading font information for U+msb on input line 9.

("C:\Program Files (x86)\MiKTeX 2.9\tex\latex\amsfonts\umsb.fd"
File: umsb.fd 2013/01/14 v3.01 AMS symbols B
)
<0Title/images/02.jpg, id=2, 787.94376pt x 788.9475pt>
File: 0Title/images/02.jpg Graphic file (type jpg)

<use 0Title/images/02.jpg>
Package pdftex.def Info: 0Title/images/02.jpg used on input line 12.
(pdftex.def)             Requested size: 118.18646pt x 118.337pt.
LaTeX Font Info:    Calculating math sizes for size <50> on input line 21.

<0Title/images/03.jpg, id=3, 925.056pt x 367.1316pt>
File: 0Title/images/03.jpg Graphic file (type jpg)

<use 0Title/images/03.jpg>
Package pdftex.def Info: 0Title/images/03.jpg used on input line 27.
(pdftex.def)             Requested size: 111.00192pt x 44.05388pt.

(C:\Users\User\AppData\Roaming\MiKTeX\2.9\tex\latex\ucs\uni-0.def
File: uni-0.def 2013/05/13 UCS: Unicode data U+0000..U+00FF
)
<0Title/images/04.png, id=4, 169.63374pt x 63.23625pt>
File: 0Title/images/04.png Graphic file (type png)

<use 0Title/images/04.png>
Package pdftex.def Info: 0Title/images/04.png used on input line 28.
(pdftex.def)             Requested size: 118.7428pt x 44.26506pt.

<0Title/images/05.png, id=6, 37.94176pt x 56.6115pt>
File: 0Title/images/05.png Graphic file (type png)

<use 0Title/images/05.png>
Package pdftex.def Info: 0Title/images/05.png used on input line 29.
(pdftex.def)             Requested size: 41.73604pt x 62.27281pt.

<0Title/images/06.jpg, id=7, 552.0625pt x 316.18124pt>
File: 0Title/images/06.jpg Graphic file (type jpg)

<use 0Title/images/06.jpg>
Package pdftex.def Info: 0Title/images/06.jpg used on input line 30.
(pdftex.def)             Requested size: 165.62003pt x 94.8551pt.
 [1

{C:/Users/User/AppData/Local/MiKTeX/2.9/pdftex/config/pdftex.map} <D:/tech book
 2015-2016/Complex_robot/0Title/images/01.jpg> <D:/tech book 2015-2016/Complex_
robot/0Title/images/02.jpg> <D:/tech book 2015-2016/Complex_robot/0Title/images
/03.jpg> <D:/tech book 2015-2016/Complex_robot/0Title/images/04.png> <D:/tech b
ook 2015-2016/Complex_robot/0Title/images/05.png> <D:/tech book 2015-2016/Compl
ex_robot/0Title/images/06.jpg>])
("D:\tech book 2015-2016\Complex_robot\3Engineering/6Specifications_for_modules
/Specifications_for_modules_H.tex"
("D:\tech book 2015-2016\Complex_robot\3Engineering/6Specifications_for_modules
/elevator/elevator_H.tex")
("D:\tech book 2015-2016\Complex_robot\3Engineering/6Specifications_for_modules
/bucket/TechDocBucketComplex.tex"

Package Fancyhdr Warning: \headheight is too small (12.0pt): 
 Make it at least 13.59999pt.
 We now make it that large for the rest of the document.
 This may cause the page layout to be inconsistent, however.

(C:\Users\User\AppData\Roaming\MiKTeX\2.9\tex\latex\ucs\uni-33.def
File: uni-33.def 2013/05/13 UCS: Unicode data U+2100..U+21FF
) [2]
LaTeX Font Info:    Try loading font information for OMS+cmr on input line 6.

("C:\Program Files (x86)\MiKTeX 2.9\tex\latex\base\omscmr.fd"
File: omscmr.fd 1999/05/25 v2.5h Standard LaTeX font definitions
)
LaTeX Font Info:    Font shape `OMS/cmr/m/n' in size <10.95> not available
(Font)              Font shape `OMS/cmsy/m/n' tried instead on input line 6.

(C:\Users\User\AppData\Roaming\MiKTeX\2.9\tex\latex\ucs\uni-4.def
File: uni-4.def 2013/05/13 UCS: Unicode data U+0400..U+04FF
)
<3Engineering/6Specifications_for_modules/bucket/images/01.png, id=27, 709.9021
9pt x 297.36093pt>
File: 3Engineering/6Specifications_for_modules/bucket/images/01.png Graphic fil
e (type png)

<use 3Engineering/6Specifications_for_modules/bucket/images/01.png>
Package pdftex.def Info: 3Engineering/6Specifications_for_modules/bucket/images
/01.png used on input line 27.
(pdftex.def)             Requested size: 283.95584pt x 118.94226pt.


LaTeX Warning: Command \CYRA invalid in math mode on input line 32.


LaTeX Warning: Command \CYRE invalid in math mode on input line 32.

Missing character: There is no À in font cmr10!
Missing character: There is no Å in font cmr10!

<3Engineering/6Specifications_for_modules/bucket/images/02.jpg, id=28, 3276.24p
t x 2457.18pt>
File: 3Engineering/6Specifications_for_modules/bucket/images/02.jpg Graphic fil
e (type jpg)

<use 3Engineering/6Specifications_for_modules/bucket/images/02.jpg>
Package pdftex.def Info: 3Engineering/6Specifications_for_modules/bucket/images
/02.jpg used on input line 36.
(pdftex.def)             Requested size: 163.8216pt x 122.8662pt.
 [3 <D:/tech book 2015-2016/Complex_robot/3Engineering/6Specifications_for_modu
les/bucket/images/01.png>]
<3Engineering/6Specifications_for_modules/bucket/images/03.jpg, id=36, 3276.24p
t x 2457.18pt>
File: 3Engineering/6Specifications_for_modules/bucket/images/03.jpg Graphic fil
e (type jpg)

<use 3Engineering/6Specifications_for_modules/bucket/images/03.jpg>
Package pdftex.def Info: 3Engineering/6Specifications_for_modules/bucket/images
/03.jpg used on input line 47.
(pdftex.def)             Requested size: 131.02728pt x 98.27046pt.

<3Engineering/6Specifications_for_modules/bucket/images/04.jpg, id=37, 3276.24p
t x 2457.18pt>
File: 3Engineering/6Specifications_for_modules/bucket/images/04.jpg Graphic fil
e (type jpg)

<use 3Engineering/6Specifications_for_modules/bucket/images/04.jpg>
Package pdftex.def Info: 3Engineering/6Specifications_for_modules/bucket/images
/04.jpg used on input line 52.
(pdftex.def)             Requested size: 131.02728pt x 98.27046pt.

<3Engineering/6Specifications_for_modules/bucket/images/05.jpg, id=38, 2457.18p
t x 3276.24pt>
File: 3Engineering/6Specifications_for_modules/bucket/images/05.jpg Graphic fil
e (type jpg)

<use 3Engineering/6Specifications_for_modules/bucket/images/05.jpg>
Package pdftex.def Info: 3Engineering/6Specifications_for_modules/bucket/images
/05.jpg used on input line 57.
(pdftex.def)             Requested size: 98.27046pt x 131.02728pt.

<3Engineering/6Specifications_for_modules/bucket/images/06.jpg, id=39, 3276.24p
t x 2457.18pt>
File: 3Engineering/6Specifications_for_modules/bucket/images/06.jpg Graphic fil
e (type jpg)

<use 3Engineering/6Specifications_for_modules/bucket/images/06.jpg>
Package pdftex.def Info: 3Engineering/6Specifications_for_modules/bucket/images
/06.jpg used on input line 66.
(pdftex.def)             Requested size: 163.8216pt x 122.8662pt.

<3Engineering/6Specifications_for_modules/bucket/images/07.jpg, id=40, 2457.18p
t x 3276.24pt>
File: 3Engineering/6Specifications_for_modules/bucket/images/07.jpg Graphic fil
e (type jpg)

<use 3Engineering/6Specifications_for_modules/bucket/images/07.jpg>
Package pdftex.def Info: 3Engineering/6Specifications_for_modules/bucket/images
/07.jpg used on input line 71.
(pdftex.def)             Requested size: 122.8662pt x 163.8216pt.
 [4 <D:/tech book 2015-2016/Complex_robot/3Engineering/6Specifications_for_modu
les/bucket/images/02.jpg> <D:/tech book 2015-2016/Complex_robot/3Engineering/6S
pecifications_for_modules/bucket/images/03.jpg> <D:/tech book 2015-2016/Complex
_robot/3Engineering/6Specifications_for_modules/bucket/images/04.jpg> <D:/tech 
book 2015-2016/Complex_robot/3Engineering/6Specifications_for_modules/bucket/im
ages/05.jpg>]
<3Engineering/6Specifications_for_modules/bucket/images/08.jpg, id=44, 2457.18p
t x 3276.24pt>
File: 3Engineering/6Specifications_for_modules/bucket/images/08.jpg Graphic fil
e (type jpg)

<use 3Engineering/6Specifications_for_modules/bucket/images/08.jpg>
Package pdftex.def Info: 3Engineering/6Specifications_for_modules/bucket/images
/08.jpg used on input line 80.
(pdftex.def)             Requested size: 245.73239pt x 327.64319pt.
 [5 <D:/tech book 2015-2016/Complex_robot/3Engineering/6Specifications_for_modu
les/bucket/images/06.jpg> <D:/tech book 2015-2016/Complex_robot/3Engineering/6S
pecifications_for_modules/bucket/images/07.jpg> <D:/tech book 2015-2016/Complex
_robot/3Engineering/6Specifications_for_modules/bucket/images/08.jpg>]
<3Engineering/6Specifications_for_modules/bucket/images/Buck_assembled.jpg, id=
48, 3276.24pt x 2457.18pt>
File: 3Engineering/6Specifications_for_modules/bucket/images/Buck_assembled.jpg
 Graphic file (type jpg)

<use 3Engineering/6Specifications_for_modules/bucket/images/Buck_assembled.jpg>
Package pdftex.def Info: 3Engineering/6Specifications_for_modules/bucket/images
/Buck_assembled.jpg used on input line 95.
(pdftex.def)             Requested size: 327.64319pt x 245.73239pt.

Overfull \hbox (75.43228pt too wide) in paragraph at lines 95--96
 [] 
 []


<3Engineering/6Specifications_for_modules/bucket/images/OnRobot.jpg, id=49, 327
6.24pt x 2457.18pt>
File: 3Engineering/6Specifications_for_modules/bucket/images/OnRobot.jpg Graphi
c file (type jpg)

<use 3Engineering/6Specifications_for_modules/bucket/images/OnRobot.jpg>
Package pdftex.def Info: 3Engineering/6Specifications_for_modules/bucket/images
/OnRobot.jpg used on input line 99.
(pdftex.def)             Requested size: 201.76949pt x 151.32376pt.

<3Engineering/6Specifications_for_modules/bucket/images/Draws.jpg, id=50, 3276.
24pt x 2457.18pt>
File: 3Engineering/6Specifications_for_modules/bucket/images/Draws.jpg Graphic 
file (type jpg)

<use 3Engineering/6Specifications_for_modules/bucket/images/Draws.jpg>
Package pdftex.def Info: 3Engineering/6Specifications_for_modules/bucket/images
/Draws.jpg used on input line 110.
(pdftex.def)             Requested size: 201.76949pt x 151.32376pt.

<3Engineering/6Specifications_for_modules/bucket/images/BucketScan.jpg, id=51, 
3276.24pt x 2457.18pt>
File: 3Engineering/6Specifications_for_modules/bucket/images/BucketScan.jpg Gra
phic file (type jpg)

<use 3Engineering/6Specifications_for_modules/bucket/images/BucketScan.jpg>
Package pdftex.def Info: 3Engineering/6Specifications_for_modules/bucket/images
/BucketScan.jpg used on input line 114.
(pdftex.def)             Requested size: 201.76949pt x 151.32376pt.

Underfull \vbox (badness 2941) has occurred while \output is active []

 [6 <D:/tech book 2015-2016/Complex_robot/3Engineering/6Specifications_for_modu
les/bucket/images/Buck_assembled.jpg> <D:/tech book 2015-2016/Complex_robot/3En
gineering/6Specifications_for_modules/bucket/images/OnRobot.jpg>]
<3Engineering/6Specifications_for_modules/bucket/images/BucketMarking.jpg, id=5
5, 3276.24pt x 2457.18pt>
File: 3Engineering/6Specifications_for_modules/bucket/images/BucketMarking.jpg 
Graphic file (type jpg)

<use 3Engineering/6Specifications_for_modules/bucket/images/BucketMarking.jpg>
Package pdftex.def Info: 3Engineering/6Specifications_for_modules/bucket/images
/BucketMarking.jpg used on input line 130.
(pdftex.def)             Requested size: 201.76949pt x 151.32376pt.

<3Engineering/6Specifications_for_modules/bucket/images/Bucket2.jpg, id=56, 327
6.24pt x 2457.18pt>
File: 3Engineering/6Specifications_for_modules/bucket/images/Bucket2.jpg Graphi
c file (type jpg)

<use 3Engineering/6Specifications_for_modules/bucket/images/Bucket2.jpg>
Package pdftex.def Info: 3Engineering/6Specifications_for_modules/bucket/images
/Bucket2.jpg used on input line 134.
(pdftex.def)             Requested size: 201.76949pt x 151.32376pt.

<3Engineering/6Specifications_for_modules/bucket/images/wire_prot.jpg, id=57, 3
276.24pt x 2457.18pt>
File: 3Engineering/6Specifications_for_modules/bucket/images/wire_prot.jpg Grap
hic file (type jpg)

<use 3Engineering/6Specifications_for_modules/bucket/images/wire_prot.jpg>
Package pdftex.def Info: 3Engineering/6Specifications_for_modules/bucket/images
/wire_prot.jpg used on input line 143.
(pdftex.def)             Requested size: 201.76949pt x 151.32376pt.

<3Engineering/6Specifications_for_modules/bucket/images/Bucket2Test.jpg, id=58,
 2457.18pt x 3276.24pt>
File: 3Engineering/6Specifications_for_modules/bucket/images/Bucket2Test.jpg Gr
aphic file (type jpg)

<use 3Engineering/6Specifications_for_modules/bucket/images/Bucket2Test.jpg>
Package pdftex.def Info: 3Engineering/6Specifications_for_modules/bucket/images
/Bucket2Test.jpg used on input line 147.
(pdftex.def)             Requested size: 201.76949pt x 269.00336pt.

Underfull \vbox (badness 4543) has occurred while \output is active []

 [7 <D:/tech book 2015-2016/Complex_robot/3Engineering/6Specifications_for_modu
les/bucket/images/Draws.jpg> <D:/tech book 2015-2016/Complex_robot/3Engineering
/6Specifications_for_modules/bucket/images/BucketScan.jpg> <D:/tech book 2015-2
016/Complex_robot/3Engineering/6Specifications_for_modules/bucket/images/Bucket
Marking.jpg> <D:/tech book 2015-2016/Complex_robot/3Engineering/6Specifications
_for_modules/bucket/images/Bucket2.jpg>] [8 <D:/tech book 2015-2016/Complex_rob
ot/3Engineering/6Specifications_for_modules/bucket/images/wire_prot.jpg> <D:/te
ch book 2015-2016/Complex_robot/3Engineering/6Specifications_for_modules/bucket
/images/Bucket2Test.jpg>] ("D:\tech book 2015-2016\Complex_robot\tech_doc_compl
ex.aux") ) ) ) 
Here is how much of TeX's memory you used:
 5957 strings out of 493921
 81484 string characters out of 3144879
 134976 words of memory out of 3000000
 9079 multiletter control sequences out of 15000+200000
 24265 words of font info for 64 fonts, out of 3000000 for 9000
 841 hyphenation exceptions out of 8191
 42i,10n,43p,1103b,735s stack positions out of 5000i,500n,10000p,200000b,50000s
 <C:\Users\User\AppData\Local\MiKTeX\2.9\fonts\pk\ljfour\lh\lh-t2
a\dpi600\larm0800.pk> <C:\Users\User\AppData\Local\MiKTeX\2.9\fonts\pk\ljfour\l
h\lh-t2a\dpi603\labx1095.pk> <C:\Users\User\AppData\Local\MiKTeX\2.9\fonts\pk\l
jfour\lh\lh-t2a\dpi600\larm1095.pk> <C:\Users\User\AppData\Local\MiKTeX\2.9\fon
ts\pk\ljfour\lh\lh-t2a\dpi600\laxc1095.pk> <C:\Users\User\AppData\Local\MiKTeX\
2.9\fonts\pk\ljfour\lh\lh-t2a\dpi600\labx1200.pk> <C:\Users\User\AppData\Local\
MiKTeX\2.9\fonts\pk\ljfour\lh\lh-t2a\dpi603\larm1095.pk> <C:\Users\User\AppData
\Local\MiKTeX\2.9\fonts\pk\ljfour\lh\lh-t2a\dpi837\labx3583.pk> <C:\Users\User\
AppData\Local\MiKTeX\2.9\fonts\pk\ljfour\lh\lh-t2a\dpi600\larm1728.pk> <C:\User
s\User\AppData\Local\MiKTeX\2.9\fonts\pk\ljfour\lh\lh-t2a\dpi600\lati1728.pk><C
:/Program Files (x86)/MiKTeX 2.9/fonts/type1/public/amsfonts/cm/cmmi10.pfb><C:/
Program Files (x86)/MiKTeX 2.9/fonts/type1/public/amsfonts/cm/cmmi12.pfb><C:/Pr
ogram Files (x86)/MiKTeX 2.9/fonts/type1/public/amsfonts/cm/cmr10.pfb><C:/Progr
am Files (x86)/MiKTeX 2.9/fonts/type1/public/amsfonts/cm/cmsy10.pfb>
Output written on tech_doc_complex.pdf (8 pages, 22204200 bytes).
PDF statistics:
 337 PDF objects out of 1000 (max. 8388607)
 0 named destinations out of 1000 (max. 500000)
 111 words of extra memory for PDF output out of 10000 (max. 10000000)

