-------------------------------------------------
The trace creation timestamp is: Пн янв 04 18:28:39 16
The executable build timestamp is: Ср дек 17 17:27:40 14
The datecode is: 2014440
The pro machine type is: x86e_win64
The process ID is: 4264
The traceback type is : CRASH
-------------------------------------------------
Exception EXCEPTION_ACCESS_VIOLATION has occurred in the thread 928.

Thread 928
=====================
0x00007FFF44A22108	NULL (NULL:0) (dlmmgrmt:0x00007FFF44A20000) ( 0x3dac1900, 0x333d025e, 0x3b5d6028, 0x0 ) 
0x00007FFF2BD8CC61	NULL (NULL:0) (asyncoremt:0x00007FFF2BD80000) ( 0x0, 0xa, 0x2941fa00, 0x20c99ed0 ) 
0x00007FFF44A21C16	NULL (NULL:0) (dlmmgrmt:0x00007FFF44A20000) ( 0x0, 0x0, 0x226a8598, 0x2bd8d21d ) 
0x00007FFF2BD84E34	NULL (NULL:0) (asyncoremt:0x00007FFF2BD80000) ( 0x20c96100, 0x20c96100, 0x20c96100, 0x20cb4ee0 ) 
0x00007FFF2BD84826	NULL (NULL:0) (asyncoremt:0x00007FFF2BD80000) ( 0x20cb4ee0, 0x1, 0xffffffff, 0x20c99ed0 ) 
0x00007FFF2BDABD9D	NULL (NULL:0) (asyncoremt:0x00007FFF2BD80000) ( 0x20cb30d0, 0x20c96100, 0x22614988, 0x0 ) 
0x00007FFF2BDABB09	NULL (NULL:0) (asyncoremt:0x00007FFF2BD80000) ( 0x0, 0x20c80860, 0x0, 0x20c96100 ) 
0x00007FFF2BDABEED	NULL (NULL:0) (asyncoremt:0x00007FFF2BD80000) ( 0x0, 0x2491be40, 0x0, 0x0 ) 
0x00007FFF2BE33FEF	NULL (NULL:0) (MSVCR110:0x00007FFF2BE10000) ( 0x2bed1db0, 0x0, 0x0, 0x0 ) 
0x00007FFF2BE34196	NULL (NULL:0) (MSVCR110:0x00007FFF2BE10000) ( 0x2be34094, 0x2491be40, 0x0, 0x0 ) 
0x00007FFF4A1E13D2	NULL (NULL:0) (KERNEL32:0x00007FFF4A1E0000) ( 0x4a1e13b0, 0x0, 0x0, 0x0 ) 

Main Thread 4916
=====================
0x00007FFF2A52CA13	NULL (NULL:0) (libui_sh:0x00007FFF2A2B0000) ( 0x0, 0x800001, 0x0, 0x1 ) 
0x00007FFF2A52E02F	NULL (NULL:0) (libui_sh:0x00007FFF2A2B0000) ( 0x0, 0x206ddfa0, 0x317a5590, 0x206ddfa0 ) 
0x00007FFF2A52EC4B	NULL (NULL:0) (libui_sh:0x00007FFF2A2B0000) ( 0x0, 0x7d1a4d4f, 0x3e9, 0x33150570 ) 
0x00007FFF2A5304F9	NULL (NULL:0) (libui_sh:0x00007FFF2A2B0000) ( 0x800001, 0x206de170, 0x0, 0x7d1a4cf0 ) 
0x00007FFF2A5325CA	NULL (NULL:0) (libui_sh:0x00007FFF2A2B0000) ( 0x1, 0x2a380950, 0x2a380950, 0x3157bd00 ) 
0x00007FFF2A533C3D	NULL (NULL:0) (libui_sh:0x00007FFF2A2B0000) ( 0x206de170, 0x1, 0x317a54f0, 0x206de170 ) 
0x00007FFF2A533977	NULL (NULL:0) (libui_sh:0x00007FFF2A2B0000) ( 0x0, 0x10, 0x206de188, 0x206de0c0 ) 
0x00007FFF2A5304F9	NULL (NULL:0) (libui_sh:0x00007FFF2A2B0000) ( 0x0, 0x314b94f0, 0x2a533920, 0x0 ) 
0x00007FFF2A52FC4B	NULL (NULL:0) (libui_sh:0x00007FFF2A2B0000) ( 0x314b94f0, 0x2a52fc10, 0x2a533920, 0x0 ) 
0x00007FFF2A52F774	NULL (NULL:0) (libui_sh:0x00007FFF2A2B0000) ( 0x206de480, 0xffffffff, 0x206de259, 0x0 ) 
0x00007FFF2A533CD0	NULL (NULL:0) (libui_sh:0x00007FFF2A2B0000) ( 0x0, 0x0, 0x0, 0xffffffff ) 
0x00007FF780084272	NULL (NULL:0) (xtop:0x00007FF77A0B0000) ( 0x0, 0x206de259, 0x0, 0x0 ) 
0x00007FF7800D0680	NULL (NULL:0) (xtop:0x00007FF77A0B0000) ( 0x206de450, 0x3e9, 0x86f72aa4, 0x206de2ec ) 
0x00007FF780057EFD	NULL (NULL:0) (xtop:0x00007FF77A0B0000) ( 0x206de5a0, 0x0, 0x1fff, 0x206de5a0 ) 
0x00007FF780056D78	NULL (NULL:0) (xtop:0x00007FF77A0B0000) ( 0x0, 0x206de4d0, 0x206de5a0, 0x0 ) 
0x00007FF780058DD9	NULL (NULL:0) (xtop:0x00007FF77A0B0000) ( 0x0, 0x0, 0x206de4d0, 0x0 ) 
0x00007FFF3A39E56B	NULL (NULL:0) (coretools_sh:0x00007FFF3A360000) ( 0x2f, 0x0, 0x0, 0x0 ) 
0x00007FF780065FC9	NULL (NULL:0) (xtop:0x00007FF77A0B0000) ( 0x0, 0x1, 0xffffffff, 0x0 ) 
0x00007FF78009B311	NULL (NULL:0) (xtop:0x00007FF77A0B0000) ( 0xffffffff, 0x2f, 0x0, 0xffffffff ) 
0x00007FF780090AD7	NULL (NULL:0) (xtop:0x00007FF77A0B0000) ( 0x1, 0xffffffff, 0x206de6c0, 0x84987a00 ) 
0x00007FF78008A7D4	NULL (NULL:0) (xtop:0x00007FF77A0B0000) ( 0x0, 0x0, 0x0, 0x0 ) 
0x00007FFF3A39E56B	NULL (NULL:0) (coretools_sh:0x00007FFF3A360000) ( 0x0, 0x800008, 0x800008, 0x0 ) 
0x00007FF7800908D8	NULL (NULL:0) (xtop:0x00007FF77A0B0000) ( 0x0, 0x0, 0x800008, 0x800008 ) 
0x00007FF77D86040F	NULL (NULL:0) (xtop:0x00007FF77A0B0000) ( 0x800008, 0x0, 0x2c3187e0, 0x20 ) 
0x00007FF77D3C9A02	NULL (NULL:0) (xtop:0x00007FF77A0B0000) ( 0x0, 0x206de850, 0xffffffff, 0x330ca270 ) 
0x00007FF77D16498D	NULL (NULL:0) (xtop:0x00007FF77A0B0000) ( 0x118, 0x2, 0x118, 0x0 ) 
0x00007FF77D183EDB	NULL (NULL:0) (xtop:0x00007FF77A0B0000) ( 0x206ded20, 0xffffffff, 0x3394a388, 0x2a2bf331 ) 
0x00007FF77D1A10D6	NULL (NULL:0) (xtop:0x00007FF77A0B0000) ( 0x7c360340, 0x0, 0x0, 0x2 ) 
0x00007FF77D1A19E7	NULL (NULL:0) (xtop:0x00007FF77A0B0000) ( 0x206def60, 0x800001, 0xc, 0x330ca270 ) 
0x00007FF77C3602AD	NULL (NULL:0) (xtop:0x00007FF77A0B0000) ( 0xffffffff, 0x0, 0x2, 0xffffffff ) 
0x00007FF77C35F829	NULL (NULL:0) (xtop:0x00007FF77A0B0000) ( 0x330ca270, 0x87e8af50, 0x206df2a0, 0x800001 ) 
0x00007FF77D173B8D	NULL (NULL:0) (xtop:0x00007FF77A0B0000) ( 0x206df2a0, 0x2a59c610, 0x2a59c4e8, 0x2c605760 ) 
0x00007FFF2A52A39E	NULL (NULL:0) (libui_sh:0x00007FFF2A2B0000) ( 0x1, 0x2c8b42a0, 0x206df370, 0x203142 ) 
0x00007FFF2A440B08	NULL (NULL:0) (libui_sh:0x00007FFF2A2B0000) ( 0x2c8b42a0, 0x800001, 0x314b94f0, 0x314b94f0 ) 
0x00007FF77F947699	NULL (NULL:0) (xtop:0x00007FF77A0B0000) ( 0x206df4e0, 0x0, 0x206df7a0, 0x0 ) 
0x00007FF77F942039	NULL (NULL:0) (xtop:0x00007FF77A0B0000) ( 0x0, 0x206df7f0, 0x24a655e8, 0xffffffff ) 
0x00007FF7800854D2	NULL (NULL:0) (xtop:0x00007FF77A0B0000) ( 0x0, 0x2c47e290, 0x2c47e2d8, 0x0 ) 
0x00007FF780085C20	NULL (NULL:0) (xtop:0x00007FF77A0B0000) ( 0x0, 0x0, 0x24, 0x0 ) 
0x00007FF780090B27	NULL (NULL:0) (xtop:0x00007FF77A0B0000) ( 0x1, 0x2, 0x206dfa90, 0x84987a00 ) 
0x00007FF78008A7D4	NULL (NULL:0) (xtop:0x00007FF77A0B0000) ( 0x7, 0x0, 0x0, 0x0 ) 
0x00007FFF3A39E56B	NULL (NULL:0) (coretools_sh:0x00007FFF3A360000) ( 0x8431c000, 0x0, 0x4, 0x7d359bea ) 
0x00007FF7800908D8	NULL (NULL:0) (xtop:0x00007FF77A0B0000) ( 0x0, 0x0, 0x88785510, 0x84ddc088 ) 
0x00007FF77D1A15B9	NULL (NULL:0) (xtop:0x00007FF77A0B0000) ( 0x88785510, 0x207e4a30, 0x0, 0x0 ) 
0x00007FF77B40E72A	NULL (NULL:0) (xtop:0x00007FF77A0B0000) ( 0x88785510, 0x2, 0x4, 0x4 ) 
0x00007FF7814F3BAF	NULL (NULL:0) (xtop:0x00007FF77A0B0000) ( 0x1, 0x206dfba0, 0x4, 0x1 ) 
0x00007FF7814F3AF8	NULL (NULL:0) (xtop:0x00007FF77A0B0000) ( 0x207c4efb, 0xa, 0xa, 0x0 ) 
0x00007FF77B05E9F0	NULL (NULL:0) (xtop:0x00007FF77A0B0000) ( 0x7b05e898, 0x79ccf000, 0x0, 0x0 ) 
0x00007FFF4A1E13D2	NULL (NULL:0) (KERNEL32:0x00007FFF4A1E0000) ( 0x4a1e13b0, 0x0, 0x0, 0x0 ) 

Thread 4292
=====================
0x00007FFF4A69121A	NULL (NULL:0) (ntdll:0x00007FFF4A600000) ( 0x0, 0x2bd8dd88, 0x0, 0x44976311 ) 
0x00007FFF47821118	NULL (NULL:0) (KERNELBASE:0x00007FFF47820000) ( 0x20c8ef50, 0x0, 0x0, 0x2ec ) 
0x00007FFF2BDB1B94	NULL (NULL:0) (asyncoremt:0x00007FFF2BD80000) ( 0x449ae1f0, 0x2, 0x0, 0x4496c7e2 ) 
0x00007FFF2BDABD9D	NULL (NULL:0) (asyncoremt:0x00007FFF2BD80000) ( 0x20c8ef50, 0x20c90150, 0x22614988, 0x0 ) 
0x00007FFF2BDABB09	NULL (NULL:0) (asyncoremt:0x00007FFF2BD80000) ( 0x0, 0x20c80860, 0x0, 0x20c90150 ) 
0x00007FFF2BDABEED	NULL (NULL:0) (asyncoremt:0x00007FFF2BD80000) ( 0x0, 0x2266fe80, 0x0, 0x0 ) 
0x00007FFF2BE33FEF	NULL (NULL:0) (MSVCR110:0x00007FFF2BE10000) ( 0x0, 0x0, 0x0, 0x0 ) 
0x00007FFF2BE34196	NULL (NULL:0) (MSVCR110:0x00007FFF2BE10000) ( 0x2be34094, 0x2266fe80, 0x0, 0x0 ) 
0x00007FFF4A1E13D2	NULL (NULL:0) (KERNEL32:0x00007FFF4A1E0000) ( 0x4a1e13b0, 0x0, 0x0, 0x0 ) 

Thread 4576
=====================
0x00007FFF4A69178A	NULL (NULL:0) (ntdll:0x00007FFF4A600000) ( 0x40, 0x208b9110, 0x2bdc1b10, 0x0 ) 
0x00007FFF478213ED	NULL (NULL:0) (KERNELBASE:0x00007FFF47820000) ( 0x2377f9e0, 0x79ccf000, 0x0, 0x0 ) 
0x00007FFF4A4832B4	NULL (NULL:0) (USER32:0x00007FFF4A480000) ( 0x20c8f060, 0x0, 0x20c8f0e0, 0x4496f070 ) 
0x00007FFF2BDB1A49	NULL (NULL:0) (asyncoremt:0x00007FFF2BD80000) ( 0x22614900, 0x20c8f060, 0x20c90de0, 0x4496c7e2 ) 
0x00007FFF2BDABD9D	NULL (NULL:0) (asyncoremt:0x00007FFF2BD80000) ( 0x20c8f060, 0x20c90de0, 0x22614988, 0x0 ) 
0x00007FFF2BDABB09	NULL (NULL:0) (asyncoremt:0x00007FFF2BD80000) ( 0x0, 0x20c80860, 0x0, 0x20c90de0 ) 
0x00007FFF2BDABEED	NULL (NULL:0) (asyncoremt:0x00007FFF2BD80000) ( 0x0, 0x22670300, 0x0, 0x0 ) 
0x00007FFF2BE33FEF	NULL (NULL:0) (MSVCR110:0x00007FFF2BE10000) ( 0x2bed1db0, 0x0, 0x0, 0x0 ) 
0x00007FFF2BE34196	NULL (NULL:0) (MSVCR110:0x00007FFF2BE10000) ( 0x2be34094, 0x22670300, 0x0, 0x0 ) 
0x00007FFF4A1E13D2	NULL (NULL:0) (KERNEL32:0x00007FFF4A1E0000) ( 0x4a1e13b0, 0x0, 0x0, 0x0 ) 

Thread 1496
=====================
0x00007FFF4A69178A	NULL (NULL:0) (ntdll:0x00007FFF4A600000) ( 0x38, 0x80, 0x207c796c, 0x207c0000 ) 
0x00007FFF478213ED	NULL (NULL:0) (KERNELBASE:0x00007FFF47820000) ( 0x22670788, 0x79ccf000, 0x0, 0x23f2f7b0 ) 
0x00007FFF2BD8A80B	NULL (NULL:0) (asyncoremt:0x00007FFF2BD80000) ( 0x22670788, 0x23f2f7b0, 0x10, 0x0 ) 
0x00007FFF2BD8A730	NULL (NULL:0) (asyncoremt:0x00007FFF2BD80000) ( 0x22670788, 0x97bec36d, 0x1, 0x310 ) 
0x00007FFF2BD8A79F	NULL (NULL:0) (asyncoremt:0x00007FFF2BD80000) ( 0x768acc5a, 0x0, 0x1, 0x1 ) 
0x00007FFF2BD86448	NULL (NULL:0) (asyncoremt:0x00007FFF2BD80000) ( 0x1, 0x20c8f170, 0x23f2f9e0, 0x0 ) 
0x00007FFF2BDB1B4B	NULL (NULL:0) (asyncoremt:0x00007FFF2BD80000) ( 0x449ae1f0, 0x4, 0x0, 0x4496c7e2 ) 
0x00007FFF2BDABD9D	NULL (NULL:0) (asyncoremt:0x00007FFF2BD80000) ( 0x20c8f170, 0x20c91260, 0x22614988, 0x0 ) 
0x00007FFF2BDABB09	NULL (NULL:0) (asyncoremt:0x00007FFF2BD80000) ( 0x0, 0x20c80860, 0x0, 0x20c91260 ) 
0x00007FFF2BDABEED	NULL (NULL:0) (asyncoremt:0x00007FFF2BD80000) ( 0x0, 0x22670bc0, 0x0, 0x0 ) 
0x00007FFF2BE33FEF	NULL (NULL:0) (MSVCR110:0x00007FFF2BE10000) ( 0x2bed1db0, 0x0, 0x0, 0x0 ) 
0x00007FFF2BE34196	NULL (NULL:0) (MSVCR110:0x00007FFF2BE10000) ( 0x2be34094, 0x22670bc0, 0x0, 0x0 ) 
0x00007FFF4A1E13D2	NULL (NULL:0) (KERNEL32:0x00007FFF4A1E0000) ( 0x4a1e13b0, 0x0, 0x0, 0x0 ) 

Thread 2944
=====================
0x00007FFF4A69178A	NULL (NULL:0) (ntdll:0x00007FFF4A600000) ( 0x430, 0x420, 0x13000013, 0x2be763b7 ) 
0x00007FFF478213ED	NULL (NULL:0) (KERNELBASE:0x00007FFF47820000) ( 0x226c1708, 0x79ccf000, 0x0, 0x246df8b0 ) 
0x00007FFF2BD8A80B	NULL (NULL:0) (asyncoremt:0x00007FFF2BD80000) ( 0x226c1708, 0x246df8b0, 0x10, 0x0 ) 
0x00007FFF2BD8A730	NULL (NULL:0) (asyncoremt:0x00007FFF2BD80000) ( 0x226c1708, 0x97bed432, 0x1, 0x1 ) 
0x00007FFF2BD8A79F	NULL (NULL:0) (asyncoremt:0x00007FFF2BD80000) ( 0x768ad1e8, 0x1, 0x986bfbf0, 0x1 ) 
0x00007FFF2BD86448	NULL (NULL:0) (asyncoremt:0x00007FFF2BD80000) ( 0x1, 0x20c8ff00, 0x4, 0x986bfbf0 ) 
0x00007FFF2BDB1BBB	NULL (NULL:0) (asyncoremt:0x00007FFF2BD80000) ( 0x44960000, 0x0, 0x246dfb10, 0x5 ) 
0x00007FFF2BDAC657	NULL (NULL:0) (asyncoremt:0x00007FFF2BD80000) ( 0x22614900, 0x20c8ff30, 0x20c916e0, 0x20c900c0 ) 
0x00007FFF2BDABD9D	NULL (NULL:0) (asyncoremt:0x00007FFF2BD80000) ( 0x20c8ff30, 0x20c916e0, 0x22614988, 0x0 ) 
0x00007FFF2BDABB09	NULL (NULL:0) (asyncoremt:0x00007FFF2BD80000) ( 0x0, 0x20c80860, 0x0, 0x20c916e0 ) 
0x00007FFF2BDABEED	NULL (NULL:0) (asyncoremt:0x00007FFF2BD80000) ( 0x0, 0x226c1b40, 0x0, 0x0 ) 
0x00007FFF2BE33FEF	NULL (NULL:0) (MSVCR110:0x00007FFF2BE10000) ( 0x2bed1db0, 0x0, 0x0, 0x0 ) 
0x00007FFF2BE34196	NULL (NULL:0) (MSVCR110:0x00007FFF2BE10000) ( 0x2be34094, 0x226c1b40, 0x0, 0x0 ) 
0x00007FFF4A1E13D2	NULL (NULL:0) (KERNEL32:0x00007FFF4A1E0000) ( 0x4a1e13b0, 0x0, 0x0, 0x0 ) 

Thread 3212
=====================
0x00007FFF4A69121A	NULL (NULL:0) (ntdll:0x00007FFF4A600000) ( 0x0, 0x2acb9d22, 0x3d9e3c40, 0x0 ) 
0x00007FFF47821118	NULL (NULL:0) (KERNELBASE:0x00007FFF47820000) ( 0x225f7138, 0x248623f0, 0x0, 0x3f4 ) 
0x00007FFF2AC0C899	NULL (NULL:0) (baselibmt:0x00007FFF2ABE0000) ( 0x0, 0x24872301, 0x0, 0x24872300 ) 
0x00007FFF2ACBC516	NULL (NULL:0) (baselibmt:0x00007FFF2ABE0000) ( 0x22697300, 0x0, 0x225f7120, 0x3c ) 
0x00007FFF2BE33FEF	NULL (NULL:0) (MSVCR110:0x00007FFF2BE10000) ( 0x2bed1db0, 0x0, 0x0, 0x0 ) 
0x00007FFF2BE34196	NULL (NULL:0) (MSVCR110:0x00007FFF2BE10000) ( 0x2be34094, 0x24872390, 0x0, 0x0 ) 
0x00007FFF4A1E13D2	NULL (NULL:0) (KERNEL32:0x00007FFF4A1E0000) ( 0x4a1e13b0, 0x0, 0x0, 0x0 ) 

Thread 3724
=====================
0x00007FFF4A692CCA	NULL (NULL:0) (ntdll:0x00007FFF4A600000) ( 0x4a638480, 0x3, 0x20844090, 0x20844090 ) 
0x00007FFF4A638BC6	NULL (NULL:0) (ntdll:0x00007FFF4A600000) ( 0x0, 0x4a638480, 0x20844090, 0x0 ) 
0x00007FFF4A1E13D2	NULL (NULL:0) (KERNEL32:0x00007FFF4A1E0000) ( 0x4a1e13b0, 0x0, 0x0, 0x0 ) 

Thread 3888
=====================
0x00007FFF4A69178A	NULL (NULL:0) (ntdll:0x00007FFF4A600000) ( 0x0, 0x0, 0x0, 0x0 ) 
0x00007FFF478213ED	NULL (NULL:0) (KERNELBASE:0x00007FFF47820000) ( 0x47aeb070, 0x79ccf000, 0x0, 0x0 ) 
0x00007FFF47AEAD70	NULL (NULL:0) (CRYPT32:0x00007FFF47AA0000) ( 0x47aead30, 0x0, 0x226b9340, 0x226b9340 ) 
0x00007FFF4A1E13D2	NULL (NULL:0) (KERNEL32:0x00007FFF4A1E0000) ( 0x4a1e13b0, 0x0, 0x0, 0x0 ) 

Thread 816
=====================
0x00007FFF4A692CCA	NULL (NULL:0) (ntdll:0x00007FFF4A600000) ( 0x4a619790, 0x4a619790, 0x10, 0x248df150 ) 
0x00007FFF4A638BC6	NULL (NULL:0) (ntdll:0x00007FFF4A600000) ( 0x0, 0x4a638480, 0x207de4f0, 0x0 ) 
0x00007FFF4A1E13D2	NULL (NULL:0) (KERNEL32:0x00007FFF4A1E0000) ( 0x4a1e13b0, 0x0, 0x0, 0x0 ) 

Thread 4112
=====================
0x00007FFF4A692CCA	NULL (NULL:0) (ntdll:0x00007FFF4A600000) ( 0x0, 0x4a63a7c0, 0x10, 0x2490b480 ) 
0x00007FFF4A638BC6	NULL (NULL:0) (ntdll:0x00007FFF4A600000) ( 0x0, 0x4a638480, 0x24950140, 0x0 ) 
0x00007FFF4A1E13D2	NULL (NULL:0) (KERNEL32:0x00007FFF4A1E0000) ( 0x4a1e13b0, 0x0, 0x0, 0x0 ) 

Thread 5044
=====================
0x00007FFF4A692CCA	NULL (NULL:0) (ntdll:0x00007FFF4A600000) ( 0x10003, 0x1, 0x2490e800, 0x24950140 ) 
0x00007FFF4A638BC6	NULL (NULL:0) (ntdll:0x00007FFF4A600000) ( 0x0, 0x4a638480, 0x24950140, 0x0 ) 
0x00007FFF4A1E13D2	NULL (NULL:0) (KERNEL32:0x00007FFF4A1E0000) ( 0x4a1e13b0, 0x0, 0x0, 0x0 ) 

Thread 3304
=====================
0x00007FFF4A692CCA	NULL (NULL:0) (ntdll:0x00007FFF4A600000) ( 0x207de4f0, 0x248ae340, 0x207d98c8, 0x4a63a1c0 ) 
0x00007FFF4A638BC6	NULL (NULL:0) (ntdll:0x00007FFF4A600000) ( 0x0, 0x4a638480, 0x207de4f0, 0x0 ) 
0x00007FFF4A1E13D2	NULL (NULL:0) (KERNEL32:0x00007FFF4A1E0000) ( 0x4a1e13b0, 0x0, 0x0, 0x0 ) 

Thread 4480
=====================
0x00007FFF4A69151A	NULL (NULL:0) (ntdll:0x00007FFF4A600000) ( 0x29bcf968, 0x4a61df67, 0x6, 0x47824712 ) 
0x00007FFF4782121A	NULL (NULL:0) (KERNELBASE:0x00007FFF47820000) ( 0x29bcfb78, 0x0, 0x0, 0x0 ) 
0x00007FFF4003B36A	NULL (NULL:0) (WINHTTP:0x00007FFF40010000) ( 0x4001aaf0, 0x40010000, 0x29bcfb78, 0x248e0580 ) 
0x00007FFF4003B37C	NULL (NULL:0) (WINHTTP:0x00007FFF40010000) ( 0x0, 0x248e0580, 0x0, 0x29bcfb78 ) 
0x00007FFF4A6198EA	NULL (NULL:0) (ntdll:0x00007FFF4A600000) ( 0x4a619790, 0x22618170, 0x0, 0x10 ) 
0x00007FFF4A638D61	NULL (NULL:0) (ntdll:0x00007FFF4A600000) ( 0x0, 0x4a638480, 0x207de4f0, 0x0 ) 
0x00007FFF4A1E13D2	NULL (NULL:0) (KERNEL32:0x00007FFF4A1E0000) ( 0x4a1e13b0, 0x0, 0x0, 0x0 ) 

Thread 3956
=====================
0x00007FFF4A69178A	NULL (NULL:0) (ntdll:0x00007FFF4A600000) ( 0x27f, 0x0, 0x0, 0x1f80 ) 
0x00007FFF478213ED	NULL (NULL:0) (KERNELBASE:0x00007FFF47820000) ( 0x800448c0, 0x79ccf000, 0x0, 0x0 ) 
0x00007FFF4A1E106F	NULL (NULL:0) (KERNEL32:0x00007FFF4A1E0000) ( 0x0, 0x0, 0x0, 0x0 ) 
0x00007FF780044906	NULL (NULL:0) (xtop:0x00007FF77A0B0000) ( 0x0, 0x0, 0x0, 0x0 ) 
0x00007FFF4A1E13D2	NULL (NULL:0) (KERNEL32:0x00007FFF4A1E0000) ( 0x4a1e13b0, 0x0, 0x0, 0x0 ) 

Thread 3944
=====================
0x00007FFF4A69178A	NULL (NULL:0) (ntdll:0x00007FFF4A600000) ( 0x4a600000, 0x2d99f780, 0x3d8c2338, 0x4a61c093 ) 
0x00007FFF478213ED	NULL (NULL:0) (KERNELBASE:0x00007FFF47820000) ( 0x0, 0x79ccf000, 0x0, 0x0 ) 
0x00007FFF47FF8E0E	NULL (NULL:0) (combase:0x00007FFF47F50000) ( 0x924, 0x0, 0x0, 0x47ff8e00 ) 
0x00007FFF47FF8EC8	NULL (NULL:0) (combase:0x00007FFF47F50000) ( 0xffffffff, 0x2aa7ce70, 0x0, 0x47ff8e50 ) 
0x00007FFF47FF90A2	NULL (NULL:0) (combase:0x00007FFF47F50000) ( 0x0, 0x2aa7ce70, 0x2aa67f10, 0x0 ) 
0x00007FFF47FF90C5	NULL (NULL:0) (combase:0x00007FFF47F50000) ( 0x47fb12c0, 0x0, 0x0, 0x0 ) 
0x00007FFF4A1E13D2	NULL (NULL:0) (KERNEL32:0x00007FFF4A1E0000) ( 0x4a1e13b0, 0x0, 0x0, 0x0 ) 

Thread 3536
=====================
0x00007FFF4A69121A	NULL (NULL:0) (ntdll:0x00007FFF4A600000) ( 0x0, 0xffffffff, 0x2, 0x984 ) 
0x00007FFF47821118	NULL (NULL:0) (KERNELBASE:0x00007FFF47820000) ( 0x2c40e1b8, 0x2c40e1b8, 0x0, 0x984 ) 
0x00007FFF2ACBCEA4	NULL (NULL:0) (baselibmt:0x00007FFF2ABE0000) ( 0x0, 0x2a434d30, 0x0, 0x2a433af0 ) 
0x00007FF77DE374BE	NULL (NULL:0) (xtop:0x00007FF77A0B0000) ( 0x0, 0x2a434d30, 0x0, 0x0 ) 
0x00007FFF2ACBC2E2	NULL (NULL:0) (baselibmt:0x00007FFF2ABE0000) ( 0x249b7900, 0x0, 0x24919490, 0x0 ) 
0x00007FFF2BE33FEF	NULL (NULL:0) (MSVCR110:0x00007FFF2BE10000) ( 0x2bed1db0, 0x0, 0x0, 0x0 ) 
0x00007FFF2BE34196	NULL (NULL:0) (MSVCR110:0x00007FFF2BE10000) ( 0x2be34094, 0x2a434d30, 0x0, 0x0 ) 
0x00007FFF4A1E13D2	NULL (NULL:0) (KERNEL32:0x00007FFF4A1E0000) ( 0x4a1e13b0, 0x0, 0x0, 0x0 ) 

Thread 2100
=====================
0x00007FFF4A69121A	NULL (NULL:0) (ntdll:0x00007FFF4A600000) ( 0x0, 0xffffffff, 0x2, 0x94c ) 
0x00007FFF47821118	NULL (NULL:0) (KERNELBASE:0x00007FFF47820000) ( 0x2c40e188, 0x2c40e188, 0x0, 0x94c ) 
0x00007FFF2ACBCEA4	NULL (NULL:0) (baselibmt:0x00007FFF2ABE0000) ( 0x0, 0x2a431f90, 0x0, 0x2c321270 ) 
0x00007FF77DE374BE	NULL (NULL:0) (xtop:0x00007FF77A0B0000) ( 0x0, 0x2a431f90, 0x0, 0x0 ) 
0x00007FFF2ACBC2E2	NULL (NULL:0) (baselibmt:0x00007FFF2ABE0000) ( 0x249b7900, 0x0, 0x24919590, 0x0 ) 
0x00007FFF2BE33FEF	NULL (NULL:0) (MSVCR110:0x00007FFF2BE10000) ( 0x2bed1db0, 0x0, 0x0, 0x0 ) 
0x00007FFF2BE34196	NULL (NULL:0) (MSVCR110:0x00007FFF2BE10000) ( 0x2be34094, 0x2a431f90, 0x0, 0x0 ) 
0x00007FFF4A1E13D2	NULL (NULL:0) (KERNEL32:0x00007FFF4A1E0000) ( 0x4a1e13b0, 0x0, 0x0, 0x0 ) 

Thread 4232
=====================
0x00007FFF4A69121A	NULL (NULL:0) (ntdll:0x00007FFF4A600000) ( 0x0, 0xffffffff, 0x2, 0x988 ) 
0x00007FFF47821118	NULL (NULL:0) (KERNELBASE:0x00007FFF47820000) ( 0x2c40e170, 0x2c40e170, 0x0, 0x988 ) 
0x00007FFF2ACBCEA4	NULL (NULL:0) (baselibmt:0x00007FFF2ABE0000) ( 0x0, 0x2a431b00, 0x0, 0x2c321b90 ) 
0x00007FF77DE374BE	NULL (NULL:0) (xtop:0x00007FF77A0B0000) ( 0x0, 0x2a431b00, 0x0, 0x0 ) 
0x00007FFF2ACBC2E2	NULL (NULL:0) (baselibmt:0x00007FFF2ABE0000) ( 0x249b7900, 0x0, 0x24919790, 0x0 ) 
0x00007FFF2BE33FEF	NULL (NULL:0) (MSVCR110:0x00007FFF2BE10000) ( 0x2bed1db0, 0x0, 0x0, 0x0 ) 
0x00007FFF2BE34196	NULL (NULL:0) (MSVCR110:0x00007FFF2BE10000) ( 0x2be34094, 0x2a431b00, 0x0, 0x0 ) 
0x00007FFF4A1E13D2	NULL (NULL:0) (KERNEL32:0x00007FFF4A1E0000) ( 0x4a1e13b0, 0x0, 0x0, 0x0 ) 

Thread 2836
=====================
0x00007FFF4A69121A	NULL (NULL:0) (ntdll:0x00007FFF4A600000) ( 0x0, 0x2acb9d22, 0x3d9e3c40, 0x0 ) 
0x00007FFF47821118	NULL (NULL:0) (KERNELBASE:0x00007FFF47820000) ( 0x24918828, 0x33d96440, 0x0, 0x9ac ) 
0x00007FFF2AC0C899	NULL (NULL:0) (baselibmt:0x00007FFF2ABE0000) ( 0x0, 0x2c323b01, 0x20c809e8, 0x40 ) 
0x00007FFF2ACBC516	NULL (NULL:0) (baselibmt:0x00007FFF2ABE0000) ( 0x249b7900, 0x0, 0x24918810, 0x3c ) 
0x00007FFF2BE33FEF	NULL (NULL:0) (MSVCR110:0x00007FFF2BE10000) ( 0x2bed1db0, 0x0, 0x0, 0x0 ) 
0x00007FFF2BE34196	NULL (NULL:0) (MSVCR110:0x00007FFF2BE10000) ( 0x2be34094, 0x2c323b80, 0x0, 0x0 ) 
0x00007FFF4A1E13D2	NULL (NULL:0) (KERNEL32:0x00007FFF4A1E0000) ( 0x4a1e13b0, 0x0, 0x0, 0x0 ) 

Thread 172
=====================
0x00007FFF4A692CCA	NULL (NULL:0) (ntdll:0x00007FFF4A600000) ( 0x4a638480, 0x3, 0x313e5720, 0x313e5720 ) 
0x00007FFF4A638BC6	NULL (NULL:0) (ntdll:0x00007FFF4A600000) ( 0x0, 0x4a638480, 0x313e5720, 0x0 ) 
0x00007FFF4A1E13D2	NULL (NULL:0) (KERNEL32:0x00007FFF4A1E0000) ( 0x4a1e13b0, 0x0, 0x0, 0x0 ) 

Thread 2724
=====================
0x00007FFF4A692CCA	NULL (NULL:0) (ntdll:0x00007FFF4A600000) ( 0x4a638480, 0x3, 0x313e5720, 0x313e5720 ) 
0x00007FFF4A638BC6	NULL (NULL:0) (ntdll:0x00007FFF4A600000) ( 0x0, 0x4a638480, 0x313e5720, 0x0 ) 
0x00007FFF4A1E13D2	NULL (NULL:0) (KERNEL32:0x00007FFF4A1E0000) ( 0x4a1e13b0, 0x0, 0x0, 0x0 ) 

Thread 720
=====================
0x00007FFF4A692CCA	NULL (NULL:0) (ntdll:0x00007FFF4A600000) ( 0x4a638480, 0x3, 0x313e5720, 0x313e5720 ) 
0x00007FFF4A638BC6	NULL (NULL:0) (ntdll:0x00007FFF4A600000) ( 0x0, 0x4a638480, 0x313e5720, 0x0 ) 
0x00007FFF4A1E13D2	NULL (NULL:0) (KERNEL32:0x00007FFF4A1E0000) ( 0x4a1e13b0, 0x0, 0x0, 0x0 ) 

Thread 2068
=====================
0x00007FFF4A692CCA	NULL (NULL:0) (ntdll:0x00007FFF4A600000) ( 0x313e5720, 0x3bacd4d0, 0x34126268, 0x4a63a1c0 ) 
0x00007FFF4A638BC6	NULL (NULL:0) (ntdll:0x00007FFF4A600000) ( 0x0, 0x4a638480, 0x313e5720, 0x0 ) 
0x00007FFF4A1E13D2	NULL (NULL:0) (KERNEL32:0x00007FFF4A1E0000) ( 0x4a1e13b0, 0x0, 0x0, 0x0 ) 

Thread 3424
=====================
0x00007FFF4A69121A	NULL (NULL:0) (ntdll:0x00007FFF4A600000) ( 0x2c40e098, 0x4496e855, 0x10, 0x10 ) 
0x00007FFF47821118	NULL (NULL:0) (KERNELBASE:0x00007FFF47820000) ( 0x3bbf0638, 0x33d94a20, 0x0, 0xb8c ) 
0x00007FFF2AC0C899	NULL (NULL:0) (baselibmt:0x00007FFF2ABE0000) ( 0x0, 0x3db18101, 0x20c809e8, 0x40 ) 
0x00007FFF2ACBC516	NULL (NULL:0) (baselibmt:0x00007FFF2ABE0000) ( 0x2c4cf000, 0x0, 0x3bbf0620, 0x7fffffff ) 
0x00007FFF2BE33FEF	NULL (NULL:0) (MSVCR110:0x00007FFF2BE10000) ( 0x2bed1db0, 0x0, 0x0, 0x0 ) 
0x00007FFF2BE34196	NULL (NULL:0) (MSVCR110:0x00007FFF2BE10000) ( 0x2be34094, 0x3db18120, 0x0, 0x0 ) 
0x00007FFF4A1E13D2	NULL (NULL:0) (KERNEL32:0x00007FFF4A1E0000) ( 0x4a1e13b0, 0x0, 0x0, 0x0 ) 

Thread 4100
=====================
0x00007FFF4A69121A	NULL (NULL:0) (ntdll:0x00007FFF4A600000) ( 0x2c40e278, 0x4496e855, 0x10, 0x10 ) 
0x00007FFF47821118	NULL (NULL:0) (KERNELBASE:0x00007FFF47820000) ( 0x3bbf02b8, 0x33d8f408, 0x0, 0xc58 ) 
0x00007FFF2AC0C899	NULL (NULL:0) (baselibmt:0x00007FFF2ABE0000) ( 0x0, 0x3db18101, 0x0, 0x3db18100 ) 
0x00007FFF2ACBC516	NULL (NULL:0) (baselibmt:0x00007FFF2ABE0000) ( 0x2c4cf000, 0x0, 0x3bbf02a0, 0x7fffffff ) 
0x00007FFF2BE33FEF	NULL (NULL:0) (MSVCR110:0x00007FFF2BE10000) ( 0x2bed1db0, 0x0, 0x0, 0x0 ) 
0x00007FFF2BE34196	NULL (NULL:0) (MSVCR110:0x00007FFF2BE10000) ( 0x2be34094, 0x3db18120, 0x0, 0x0 ) 
0x00007FFF4A1E13D2	NULL (NULL:0) (KERNEL32:0x00007FFF4A1E0000) ( 0x4a1e13b0, 0x0, 0x0, 0x0 ) 

Thread 4368
=====================
0x00007FFF4A69126A	NULL (NULL:0) (ntdll:0x00007FFF4A600000) ( 0x46f6c900, 0x46f60000, 0x0, 0x0 ) 
0x00007FFF46F6C979	NULL (NULL:0) (mswsock:0x00007FFF46F60000) ( 0x46f6ca40, 0x3b3f0ca0, 0x3b3f0280, 0x3b3f0280 ) 
0x00007FFF4A1E13D2	NULL (NULL:0) (KERNEL32:0x00007FFF4A1E0000) ( 0x4a1e13b0, 0x0, 0x0, 0x0 ) 

Thread 2948
=====================
0x00007FFF4A69121A	NULL (NULL:0) (ntdll:0x00007FFF4A600000) ( 0x0, 0x1, 0x1, 0x2bdab8d9 ) 
0x00007FFF47821118	NULL (NULL:0) (KERNELBASE:0x00007FFF47820000) ( 0x22614988, 0x1, 0x0, 0xb74 ) 
0x00007FFF2AC0C8C5	NULL (NULL:0) (baselibmt:0x00007FFF2ABE0000) ( 0x1, 0x22614988, 0x22614988, 0x0 ) 
0x00007FFF2BDABBF3	NULL (NULL:0) (asyncoremt:0x00007FFF2BD80000) ( 0x0, 0x20c80860, 0x0, 0x20c9c970 ) 
0x00007FFF2BDABEED	NULL (NULL:0) (asyncoremt:0x00007FFF2BD80000) ( 0x0, 0x3bf04250, 0x0, 0x0 ) 
0x00007FFF2BE33FEF	NULL (NULL:0) (MSVCR110:0x00007FFF2BE10000) ( 0x2bed1db0, 0x0, 0x0, 0x0 ) 
0x00007FFF2BE34196	NULL (NULL:0) (MSVCR110:0x00007FFF2BE10000) ( 0x2be34094, 0x3bf04250, 0x0, 0x0 ) 
0x00007FFF4A1E13D2	NULL (NULL:0) (KERNEL32:0x00007FFF4A1E0000) ( 0x4a1e13b0, 0x0, 0x0, 0x0 ) 

Thread 756
=====================
0x00007FFF4A69121A	NULL (NULL:0) (ntdll:0x00007FFF4A600000) ( 0x0, 0x1, 0x1, 0x2bdab8d9 ) 
0x00007FFF47821118	NULL (NULL:0) (KERNELBASE:0x00007FFF47820000) ( 0x22614988, 0x1, 0x0, 0xb84 ) 
0x00007FFF2AC0C8C5	NULL (NULL:0) (baselibmt:0x00007FFF2ABE0000) ( 0x1, 0x22614988, 0x22614988, 0x0 ) 
0x00007FFF2BDABBF3	NULL (NULL:0) (asyncoremt:0x00007FFF2BD80000) ( 0x0, 0x20c80860, 0x0, 0x20c9c1b0 ) 
0x00007FFF2BDABEED	NULL (NULL:0) (asyncoremt:0x00007FFF2BD80000) ( 0x0, 0x3bf03dc0, 0x0, 0x0 ) 
0x00007FFF2BE33FEF	NULL (NULL:0) (MSVCR110:0x00007FFF2BE10000) ( 0x2bed1db0, 0x0, 0x0, 0x0 ) 
0x00007FFF2BE34196	NULL (NULL:0) (MSVCR110:0x00007FFF2BE10000) ( 0x2be34094, 0x3bf03dc0, 0x0, 0x0 ) 
0x00007FFF4A1E13D2	NULL (NULL:0) (KERNEL32:0x00007FFF4A1E0000) ( 0x4a1e13b0, 0x0, 0x0, 0x0 ) 

Thread 248
=====================
0x00007FFF4A69121A	NULL (NULL:0) (ntdll:0x00007FFF4A600000) ( 0x0, 0x1, 0x1, 0x2bdab8d9 ) 
0x00007FFF47821118	NULL (NULL:0) (KERNELBASE:0x00007FFF47820000) ( 0x22614988, 0x1, 0x0, 0xaf4 ) 
0x00007FFF2AC0C8C5	NULL (NULL:0) (baselibmt:0x00007FFF2ABE0000) ( 0x1, 0x22614988, 0x22614988, 0x0 ) 
0x00007FFF2BDABBF3	NULL (NULL:0) (asyncoremt:0x00007FFF2BD80000) ( 0x0, 0x20c80860, 0x0, 0x20cb81e0 ) 
0x00007FFF2BDABEED	NULL (NULL:0) (asyncoremt:0x00007FFF2BD80000) ( 0x0, 0x3bf03dc0, 0x0, 0x0 ) 
0x00007FFF2BE33FEF	NULL (NULL:0) (MSVCR110:0x00007FFF2BE10000) ( 0x2bed1db0, 0x0, 0x0, 0x0 ) 
0x00007FFF2BE34196	NULL (NULL:0) (MSVCR110:0x00007FFF2BE10000) ( 0x2be34094, 0x3bf03dc0, 0x0, 0x0 ) 
0x00007FFF4A1E13D2	NULL (NULL:0) (KERNEL32:0x00007FFF4A1E0000) ( 0x4a1e13b0, 0x0, 0x0, 0x0 ) 

Thread 4160
=====================
0x00007FFF4A69121A	NULL (NULL:0) (ntdll:0x00007FFF4A600000) ( 0x0, 0x1, 0x1, 0x2bdab8d9 ) 
0x00007FFF47821118	NULL (NULL:0) (KERNELBASE:0x00007FFF47820000) ( 0x22614988, 0x1, 0x0, 0xb10 ) 
0x00007FFF2AC0C8C5	NULL (NULL:0) (baselibmt:0x00007FFF2ABE0000) ( 0x1, 0x22614988, 0x22614988, 0x0 ) 
0x00007FFF2BDABBF3	NULL (NULL:0) (asyncoremt:0x00007FFF2BD80000) ( 0x0, 0x20c80860, 0x0, 0x20cb83d0 ) 
0x00007FFF2BDABEED	NULL (NULL:0) (asyncoremt:0x00007FFF2BD80000) ( 0x0, 0x3bf05db0, 0x0, 0x0 ) 
0x00007FFF2BE33FEF	NULL (NULL:0) (MSVCR110:0x00007FFF2BE10000) ( 0x2bed1db0, 0x0, 0x0, 0x0 ) 
0x00007FFF2BE34196	NULL (NULL:0) (MSVCR110:0x00007FFF2BE10000) ( 0x2be34094, 0x3bf05db0, 0x0, 0x0 ) 
0x00007FFF4A1E13D2	NULL (NULL:0) (KERNEL32:0x00007FFF4A1E0000) ( 0x4a1e13b0, 0x0, 0x0, 0x0 ) 
