This is pdfTeX, Version 3.1415926-2.5-1.40.14 (MiKTeX 2.9) (preloaded format=pdflatex 2015.3.22)  17 FEB 2016 18:19
entering extended mode
**driver-control.tex

("Z:\FTC 2015-2016 tech book\Complex_robot\3Engineering\7Specifications_for_pro
grammes\driver-control\driver-control.tex"
LaTeX2e <2011/06/27>
Babel <v3.8m> and hyphenation patterns for english, afrikaans, ancientgreek, ar
abic, armenian, assamese, basque, bengali, bokmal, bulgarian, catalan, coptic, 
croatian, czech, danish, dutch, esperanto, estonian, farsi, finnish, french, ga
lician, german, german-x-2013-05-26, greek, gujarati, hindi, hungarian, iceland
ic, indonesian, interlingua, irish, italian, kannada, kurmanji, latin, latvian,
 lithuanian, malayalam, marathi, mongolian, mongolianlmc, monogreek, ngerman, n
german-x-2013-05-26, nynorsk, oriya, panjabi, pinyin, polish, portuguese, roman
ian, russian, sanskrit, serbian, slovak, slovenian, spanish, swedish, swissgerm
an, tamil, telugu, turkish, turkmen, ukenglish, ukrainian, uppersorbian, usengl
ishmax, welsh, loaded.
! Undefined control sequence.
l.1 \subsubsection
                  {Driver control program}
The control sequence at the end of the top line
of your error message was never \def'ed. If you have
misspelled it (e.g., `\hobx'), type `I' and the correct
spelling (e.g., `I\hbox'). Otherwise just continue,
and I'll forget about whatever was undefined.


! LaTeX Error: Missing \begin{document}.

See the LaTeX manual or LaTeX Companion for explanation.
Type  H <return>  for immediate help.
 ...                                              
                                                  
l.1 \subsubsection{D
                    river control program}
You're in trouble here.  Try typing  <return>  to proceed.
If that doesn't work, type  X <return>  to quit.

Missing character: There is no D in font nullfont!
Missing character: There is no r in font nullfont!
Missing character: There is no i in font nullfont!
Missing character: There is no v in font nullfont!
Missing character: There is no e in font nullfont!
Missing character: There is no r in font nullfont!
Missing character: There is no c in font nullfont!
Missing character: There is no o in font nullfont!
Missing character: There is no n in font nullfont!
Missing character: There is no t in font nullfont!
Missing character: There is no r in font nullfont!
Missing character: There is no o in font nullfont!
Missing character: There is no l in font nullfont!
Missing character: There is no p in font nullfont!
Missing character: There is no r in font nullfont!
Missing character: There is no o in font nullfont!
Missing character: There is no g in font nullfont!
Missing character: There is no r in font nullfont!
Missing character: There is no a in font nullfont!
Missing character: There is no m in font nullfont!

Overfull \hbox (20.0pt too wide) in paragraph at lines 1--2
[]
 []


! LaTeX Error: Environment enumerate* undefined.

See the LaTeX manual or LaTeX Companion for explanation.
Type  H <return>  for immediate help.
 ...                                              
                                                  
l.3 	\begin{enumerate*}
                       
Your command was ignored.
Type  I <command> <return>  to replace it with another command,
or  <return>  to continue without it.


! LaTeX Error: Lonely \item--perhaps a missing list environment.

See the LaTeX manual or LaTeX Companion for explanation.
Type  H <return>  for immediate help.
 ...                                              
                                                  
l.4 	    \item A
                s soon as the first prototype of the wheel base was assemble...

Try typing  <return>  to proceed.
If that doesn't work, type  X <return>  to quit.

Missing character: There is no A in font nullfont!
Missing character: There is no s in font nullfont!
Missing character: There is no s in font nullfont!
Missing character: There is no o in font nullfont!
Missing character: There is no o in font nullfont!
Missing character: There is no n in font nullfont!
Missing character: There is no a in font nullfont!
Missing character: There is no s in font nullfont!
Missing character: There is no t in font nullfont!
Missing character: There is no h in font nullfont!
Missing character: There is no e in font nullfont!
Missing character: There is no f in font nullfont!
Missing character: There is no i in font nullfont!
Missing character: There is no r in font nullfont!
Missing character: There is no s in font nullfont!
Missing character: There is no t in font nullfont!
Missing character: There is no p in font nullfont!
Missing character: There is no r in font nullfont!
Missing character: There is no o in font nullfont!
Missing character: There is no t in font nullfont!
Missing character: There is no o in font nullfont!
Missing character: There is no t in font nullfont!
Missing character: There is no y in font nullfont!
Missing character: There is no p in font nullfont!
Missing character: There is no e in font nullfont!
Missing character: There is no o in font nullfont!
Missing character: There is no f in font nullfont!
Missing character: There is no t in font nullfont!
Missing character: There is no h in font nullfont!
Missing character: There is no e in font nullfont!
Missing character: There is no w in font nullfont!
Missing character: There is no h in font nullfont!
Missing character: There is no e in font nullfont!
Missing character: There is no e in font nullfont!
Missing character: There is no l in font nullfont!
Missing character: There is no b in font nullfont!
Missing character: There is no a in font nullfont!
Missing character: There is no s in font nullfont!
Missing character: There is no e in font nullfont!
Missing character: There is no w in font nullfont!
Missing character: There is no a in font nullfont!
Missing character: There is no s in font nullfont!
Missing character: There is no a in font nullfont!
Missing character: There is no s in font nullfont!
Missing character: There is no s in font nullfont!
Missing character: There is no e in font nullfont!
Missing character: There is no m in font nullfont!
Missing character: There is no b in font nullfont!
Missing character: There is no l in font nullfont!
Missing character: There is no e in font nullfont!
Missing character: There is no d in font nullfont!
Missing character: There is no o in font nullfont!
Missing character: There is no n in font nullfont!
Missing character: There is no N in font nullfont!
Missing character: There is no o in font nullfont!
Missing character: There is no v in font nullfont!
Missing character: There is no e in font nullfont!
Missing character: There is no m in font nullfont!
Missing character: There is no b in font nullfont!
Missing character: There is no e in font nullfont!
Missing character: There is no r in font nullfont!
LaTeX Font Info:    External font `cmex10' loaded for size
(Font)              <7> on input line 4.
LaTeX Font Info:    External font `cmex10' loaded for size
(Font)              <5> on input line 4.
Missing character: There is no , in font nullfont!
Missing character: There is no i in font nullfont!
Missing character: There is no t in font nullfont!
Missing character: There is no w in font nullfont!
Missing character: There is no a in font nullfont!
Missing character: There is no s in font nullfont!
Missing character: There is no e in font nullfont!
Missing character: There is no l in font nullfont!
Missing character: There is no a in font nullfont!
Missing character: There is no b in font nullfont!
Missing character: There is no o in font nullfont!
Missing character: There is no r in font nullfont!
Missing character: There is no a in font nullfont!
Missing character: There is no t in font nullfont!
Missing character: There is no e in font nullfont!
Missing character: There is no d in font nullfont!
Missing character: There is no a in font nullfont!
Missing character: There is no p in font nullfont!
Missing character: There is no r in font nullfont!
Missing character: There is no o in font nullfont!
Missing character: There is no g in font nullfont!
Missing character: There is no r in font nullfont!
Missing character: There is no a in font nullfont!
Missing character: There is no m in font nullfont!
Missing character: There is no f in font nullfont!
Missing character: There is no o in font nullfont!
Missing character: There is no r in font nullfont!
Missing character: There is no t in font nullfont!
Missing character: There is no e in font nullfont!
Missing character: There is no s in font nullfont!
Missing character: There is no t in font nullfont!
Missing character: There is no - in font nullfont!
Missing character: There is no d in font nullfont!
Missing character: There is no r in font nullfont!
Missing character: There is no i in font nullfont!
Missing character: There is no v in font nullfont!
Missing character: There is no e in font nullfont!
Missing character: There is no . in font nullfont!
Missing character: There is no I in font nullfont!
Missing character: There is no t in font nullfont!
Missing character: There is no i in font nullfont!
Missing character: There is no n in font nullfont!
Missing character: There is no c in font nullfont!
Missing character: There is no l in font nullfont!
Missing character: There is no u in font nullfont!
Missing character: There is no d in font nullfont!
Missing character: There is no e in font nullfont!
Missing character: There is no d in font nullfont!
Missing character: There is no s in font nullfont!
Missing character: There is no t in font nullfont!
Missing character: There is no r in font nullfont!
Missing character: There is no a in font nullfont!
Missing character: There is no i in font nullfont!
Missing character: There is no g in font nullfont!
Missing character: There is no h in font nullfont!
Missing character: There is no t in font nullfont!
Missing character: There is no m in font nullfont!
Missing character: There is no o in font nullfont!
Missing character: There is no v in font nullfont!
Missing character: There is no e in font nullfont!
Missing character: There is no m in font nullfont!
Missing character: There is no e in font nullfont!
Missing character: There is no n in font nullfont!
Missing character: There is no t in font nullfont!
Missing character: There is no a in font nullfont!
Missing character: There is no n in font nullfont!
Missing character: There is no d in font nullfont!
Missing character: There is no t in font nullfont!
Missing character: There is no u in font nullfont!
Missing character: There is no r in font nullfont!
Missing character: There is no n in font nullfont!
Missing character: There is no i in font nullfont!
Missing character: There is no n in font nullfont!
Missing character: There is no g in font nullfont!
Missing character: There is no a in font nullfont!
Missing character: There is no r in font nullfont!
Missing character: There is no o in font nullfont!
Missing character: There is no u in font nullfont!
Missing character: There is no n in font nullfont!
Missing character: There is no d in font nullfont!
Missing character: There is no i in font nullfont!
Missing character: There is no n in font nullfont!
Missing character: There is no 4 in font nullfont!
Missing character: There is no g in font nullfont!
Missing character: There is no r in font nullfont!
Missing character: There is no a in font nullfont!
Missing character: There is no d in font nullfont!
Missing character: There is no e in font nullfont!
Missing character: There is no s in font nullfont!
Missing character: There is no o in font nullfont!
Missing character: There is no f in font nullfont!
Missing character: There is no s in font nullfont!
Missing character: There is no p in font nullfont!
Missing character: There is no e in font nullfont!
Missing character: There is no e in font nullfont!
Missing character: There is no d in font nullfont!
Missing character: There is no . in font nullfont!
Missing character: There is no W in font nullfont!
Missing character: There is no i in font nullfont!
Missing character: There is no t in font nullfont!
Missing character: There is no h in font nullfont!
Missing character: There is no t in font nullfont!
Missing character: There is no h in font nullfont!
Missing character: There is no i in font nullfont!
Missing character: There is no s in font nullfont!
Missing character: There is no p in font nullfont!
Missing character: There is no r in font nullfont!
Missing character: There is no o in font nullfont!
Missing character: There is no g in font nullfont!
Missing character: There is no r in font nullfont!
Missing character: There is no a in font nullfont!
Missing character: There is no m in font nullfont!
Missing character: There is no , in font nullfont!
Missing character: There is no t in font nullfont!
Missing character: There is no h in font nullfont!
Missing character: There is no e in font nullfont!
Missing character: There is no r in font nullfont!
Missing character: There is no e in font nullfont!
Missing character: There is no w in font nullfont!
Missing character: There is no e in font nullfont!
Missing character: There is no r in font nullfont!
Missing character: There is no e in font nullfont!
Missing character: There is no t in font nullfont!
Missing character: There is no e in font nullfont!
Missing character: There is no s in font nullfont!
Missing character: There is no t in font nullfont!
Missing character: There is no e in font nullfont!
Missing character: There is no d in font nullfont!
Missing character: There is no t in font nullfont!
Missing character: There is no h in font nullfont!
Missing character: There is no e in font nullfont!
Missing character: There is no a in font nullfont!
Missing character: There is no b in font nullfont!
Missing character: There is no i in font nullfont!
Missing character: There is no l in font nullfont!
Missing character: There is no i in font nullfont!
Missing character: There is no t in font nullfont!
Missing character: There is no i in font nullfont!
Missing character: There is no e in font nullfont!
Missing character: There is no s in font nullfont!
Missing character: There is no o in font nullfont!
Missing character: There is no f in font nullfont!
Missing character: There is no t in font nullfont!
Missing character: There is no h in font nullfont!
Missing character: There is no e in font nullfont!
Missing character: There is no p in font nullfont!
Missing character: There is no r in font nullfont!
Missing character: There is no e in font nullfont!
Missing character: There is no s in font nullfont!
Missing character: There is no e in font nullfont!
Missing character: There is no n in font nullfont!
Missing character: There is no t in font nullfont!
Missing character: There is no w in font nullfont!
Missing character: There is no h in font nullfont!
Missing character: There is no e in font nullfont!
Missing character: There is no e in font nullfont!
Missing character: There is no l in font nullfont!
Missing character: There is no b in font nullfont!
Missing character: There is no a in font nullfont!
Missing character: There is no s in font nullfont!
Missing character: There is no e in font nullfont!
Missing character: There is no . in font nullfont!
Missing character: There is no H in font nullfont!
Missing character: There is no e in font nullfont!
Missing character: There is no r in font nullfont!
Missing character: There is no e in font nullfont!
Missing character: There is no i in font nullfont!
Missing character: There is no s in font nullfont!
Missing character: There is no t in font nullfont!
Missing character: There is no h in font nullfont!
Missing character: There is no e in font nullfont!
Missing character: There is no s in font nullfont!
Missing character: There is no o in font nullfont!
Missing character: There is no u in font nullfont!
Missing character: There is no r in font nullfont!
Missing character: There is no c in font nullfont!
Missing character: There is no e in font nullfont!
Missing character: There is no c in font nullfont!
Missing character: There is no o in font nullfont!
Missing character: There is no d in font nullfont!
Missing character: There is no e in font nullfont!
Missing character: There is no o in font nullfont!
Missing character: There is no f in font nullfont!
Missing character: There is no f in font nullfont!
Missing character: There is no i in font nullfont!
Missing character: There is no r in font nullfont!
Missing character: There is no s in font nullfont!
Missing character: There is no t in font nullfont!
Missing character: There is no v in font nullfont!
Missing character: There is no e in font nullfont!
Missing character: There is no r in font nullfont!
Missing character: There is no s in font nullfont!
Missing character: There is no i in font nullfont!
Missing character: There is no o in font nullfont!
Missing character: There is no n in font nullfont!
Missing character: There is no : in font nullfont!
! Undefined control sequence.
l.6 	    {\small
                
The control sequence at the end of the top line
of your error message was never \def'ed. If you have
misspelled it (e.g., `\hobx'), type `I' and the correct
spelling (e.g., `I\hbox'). Otherwise just continue,
and I'll forget about whatever was undefined.


Overfull \hbox (21.36108pt too wide) in paragraph at lines 4--7
$\OT1/cmr/m/n/10 12[]$
 []


Overfull \hbox (341.24702pt too wide) in paragraph at lines 76--76
[]    \OT1/cmtt/m/n/10 #pragma config(Hubs,  S1, HTMotor,  HTMotor,  none,     
none)[] 
 []


Overfull \hbox (388.49661pt too wide) in paragraph at lines 76--76
[]    \OT1/cmtt/m/n/10 #pragma config(Sensor, S1,     ,               sensorI2C
MuxController)[] 
 []


Overfull \hbox (351.74693pt too wide) in paragraph at lines 76--76
[]    \OT1/cmtt/m/n/10 #pragma config(Sensor, S2,     TIR,            sensorI2C
Custom)[] 
 []


Overfull \hbox (482.99579pt too wide) in paragraph at lines 76--76
[]    \OT1/cmtt/m/n/10 #pragma config(Motor,  mtr_S1_C1_1,     LF,            t
motorTetrix, openLoop, reversed)[] 
 []


Overfull \hbox (482.99579pt too wide) in paragraph at lines 76--76
[]    \OT1/cmtt/m/n/10 #pragma config(Motor,  mtr_S1_C1_2,     LB,            t
motorTetrix, openLoop, reversed)[] 
 []


Overfull \hbox (430.49625pt too wide) in paragraph at lines 76--76
[]    \OT1/cmtt/m/n/10 #pragma config(Motor,  mtr_S1_C2_1,     RF,            t
motorTetrix, openLoop)[] 
 []


Overfull \hbox (430.49625pt too wide) in paragraph at lines 76--76
[]    \OT1/cmtt/m/n/10 #pragma config(Motor,  mtr_S1_C2_2,     RB,            t
motorTetrix, openLoop)[] 
 []


Overfull \hbox (472.49588pt too wide) in paragraph at lines 76--76
[]    \OT1/cmtt/m/n/10 //*!!Code automatically generated by 'ROBOTC' configurat
ion wizard               !!*//[] 
 []


Overfull \hbox (162.74858pt too wide) in paragraph at lines 76--76
[]    \OT1/cmtt/m/n/10 #include "JoystickDriver.c"[] 
 []


Overfull \hbox (73.49936pt too wide) in paragraph at lines 76--76
[]    \OT1/cmtt/m/n/10 int k = 1;[] 
 []


Overfull \hbox (99.74913pt too wide) in paragraph at lines 76--76
[]    \OT1/cmtt/m/n/10 int speed = 12;[] 
 []


Overfull \hbox (99.74913pt too wide) in paragraph at lines 76--76
[]    \OT1/cmtt/m/n/10 void movement()[] 
 []


Overfull \hbox (26.24977pt too wide) in paragraph at lines 76--76
[]    \OT1/cmtt/m/n/10 {[] 
 []


Overfull \hbox (99.74913pt too wide) in paragraph at lines 76--76
[]    \OT1/cmtt/m/n/10 if (joy1Btn(1))
 []


Overfull \hbox (52.49954pt too wide) in paragraph at lines 76--76
\OT1/cmtt/m/n/10 // 1 speed[] 
 []


Overfull \hbox (26.24977pt too wide) in paragraph at lines 76--76
[]    \OT1/cmtt/m/n/10 {[] 
 []


Overfull \hbox (52.49954pt too wide) in paragraph at lines 76--76
[]    \OT1/cmtt/m/n/10 k = 1;[] 
 []


Overfull \hbox (26.24977pt too wide) in paragraph at lines 76--76
[]    \OT1/cmtt/m/n/10 }[] 
 []


Overfull \hbox (99.74913pt too wide) in paragraph at lines 76--76
[]    \OT1/cmtt/m/n/10 if (joy1Btn(2))
 []


Overfull \hbox (52.49954pt too wide) in paragraph at lines 76--76
\OT1/cmtt/m/n/10 // 2 speed[] 
 []


Overfull \hbox (26.24977pt too wide) in paragraph at lines 76--76
[]    \OT1/cmtt/m/n/10 {[] 
 []


Overfull \hbox (52.49954pt too wide) in paragraph at lines 76--76
[]    \OT1/cmtt/m/n/10 k = 2;[] 
 []


Overfull \hbox (26.24977pt too wide) in paragraph at lines 76--76
[]    \OT1/cmtt/m/n/10 }[] 
 []


Overfull \hbox (99.74913pt too wide) in paragraph at lines 76--76
[]    \OT1/cmtt/m/n/10 if (joy1Btn(3))
 []


Overfull \hbox (52.49954pt too wide) in paragraph at lines 76--76
\OT1/cmtt/m/n/10 // 3 speed[] 
 []


Overfull \hbox (26.24977pt too wide) in paragraph at lines 76--76
[]    \OT1/cmtt/m/n/10 {[] 
 []


Overfull \hbox (52.49954pt too wide) in paragraph at lines 76--76
[]    \OT1/cmtt/m/n/10 k = 4;[] 
 []


Overfull \hbox (26.24977pt too wide) in paragraph at lines 76--76
[]    \OT1/cmtt/m/n/10 }[] 
 []


Overfull \hbox (99.74913pt too wide) in paragraph at lines 76--76
[]    \OT1/cmtt/m/n/10 if (joy1Btn(4))
 []


Overfull \hbox (52.49954pt too wide) in paragraph at lines 76--76
\OT1/cmtt/m/n/10 // 4 speed[] 
 []


Overfull \hbox (26.24977pt too wide) in paragraph at lines 76--76
[]    \OT1/cmtt/m/n/10 {[] 
 []


Overfull \hbox (52.49954pt too wide) in paragraph at lines 76--76
[]    \OT1/cmtt/m/n/10 k = 8;[] 
 []


Overfull \hbox (26.24977pt too wide) in paragraph at lines 76--76
[]    \OT1/cmtt/m/n/10 }[] 
 []


Overfull \hbox (288.74748pt too wide) in paragraph at lines 76--76
[]    \OT1/cmtt/m/n/10 if (joystick.joy1_TopHat == 6) // tank turn to left[] 
 []


Overfull \hbox (26.24977pt too wide) in paragraph at lines 76--76
[]    \OT1/cmtt/m/n/10 {[] 
 []


Overfull \hbox (199.49826pt too wide) in paragraph at lines 76--76
[]    \OT1/cmtt/m/n/10 motor[RB] = motor[RF] = speed * k;[] 
 []


Overfull \hbox (204.74821pt too wide) in paragraph at lines 76--76
[]    \OT1/cmtt/m/n/10 motor[LB] = motor[LF] = -speed * k;[] 
 []


Overfull \hbox (26.24977pt too wide) in paragraph at lines 76--76
[]    \OT1/cmtt/m/n/10 }[] 
 []


Overfull \hbox (178.49844pt too wide) in paragraph at lines 76--76
[]    \OT1/cmtt/m/n/10 if (joystick.joy1_TopHat == 2)
 []


Overfull \hbox (110.24904pt too wide) in paragraph at lines 76--76
\OT1/cmtt/m/n/10 // tank turn to right[] 
 []


Overfull \hbox (26.24977pt too wide) in paragraph at lines 76--76
[]    \OT1/cmtt/m/n/10 {[] 
 []


Overfull \hbox (204.74821pt too wide) in paragraph at lines 76--76
[]    \OT1/cmtt/m/n/10 motor[RB] = motor[RF] = -speed * k;[] 
 []


Overfull \hbox (199.49826pt too wide) in paragraph at lines 76--76
[]    \OT1/cmtt/m/n/10 motor[LB] = motor[LF] = speed * k;[] 
 []


Overfull \hbox (26.24977pt too wide) in paragraph at lines 76--76
[]    \OT1/cmtt/m/n/10 }[] 
 []


Overfull \hbox (178.49844pt too wide) in paragraph at lines 76--76
[]    \OT1/cmtt/m/n/10 if (joystick.joy1_TopHat == 0)
 []


Overfull \hbox (52.49954pt too wide) in paragraph at lines 76--76
\OT1/cmtt/m/n/10 // forward[] 
 []


Overfull \hbox (26.24977pt too wide) in paragraph at lines 76--76
[]    \OT1/cmtt/m/n/10 {[] 
 []


Overfull \hbox (199.49826pt too wide) in paragraph at lines 76--76
[]    \OT1/cmtt/m/n/10 motor[RB] = motor[RF] = speed * k;[] 
 []


Overfull \hbox (199.49826pt too wide) in paragraph at lines 76--76
[]    \OT1/cmtt/m/n/10 motor[LB] = motor[LF] = speed * k;[] 
 []


Overfull \hbox (26.24977pt too wide) in paragraph at lines 76--76
[]    \OT1/cmtt/m/n/10 }[] 
 []


Overfull \hbox (178.49844pt too wide) in paragraph at lines 76--76
[]    \OT1/cmtt/m/n/10 if (joystick.joy1_TopHat == 4)
 []


Overfull \hbox (57.7495pt too wide) in paragraph at lines 76--76
\OT1/cmtt/m/n/10 // backward[] 
 []


Overfull \hbox (26.24977pt too wide) in paragraph at lines 76--76
[]    \OT1/cmtt/m/n/10 {[] 
 []


Overfull \hbox (204.74821pt too wide) in paragraph at lines 76--76
[]    \OT1/cmtt/m/n/10 motor[RB] = motor[RF] = -speed * k;[] 
 []


Overfull \hbox (204.74821pt too wide) in paragraph at lines 76--76
[]    \OT1/cmtt/m/n/10 motor[LB] = motor[LF] = -speed * k;[] 
 []


Overfull \hbox (26.24977pt too wide) in paragraph at lines 76--76
[]    \OT1/cmtt/m/n/10 }[] 
 []


Overfull \hbox (183.7484pt too wide) in paragraph at lines 76--76
[]    \OT1/cmtt/m/n/10 if (joystick.joy1_TopHat == -1)
 []


Overfull \hbox (36.74968pt too wide) in paragraph at lines 76--76
\OT1/cmtt/m/n/10 // stop[] 
 []


Overfull \hbox (26.24977pt too wide) in paragraph at lines 76--76
[]    \OT1/cmtt/m/n/10 {[] 
 []


Overfull \hbox (157.49863pt too wide) in paragraph at lines 76--76
[]    \OT1/cmtt/m/n/10 motor[RB] = motor[RF] = 0;[] 
 []


Overfull \hbox (157.49863pt too wide) in paragraph at lines 76--76
[]    \OT1/cmtt/m/n/10 motor[LB] = motor[LF] = 0;[] 
 []


Overfull \hbox (26.24977pt too wide) in paragraph at lines 76--76
[]    \OT1/cmtt/m/n/10 }[] 
 []


Overfull \hbox (26.24977pt too wide) in paragraph at lines 76--76
[]    \OT1/cmtt/m/n/10 }[] 
 []


Overfull \hbox (78.74931pt too wide) in paragraph at lines 76--76
[]    \OT1/cmtt/m/n/10 task main()[] 
 []


Overfull \hbox (26.24977pt too wide) in paragraph at lines 76--76
[]    \OT1/cmtt/m/n/10 {[] 
 []


Overfull \hbox (78.74931pt too wide) in paragraph at lines 76--76
[]    \OT1/cmtt/m/n/10 while(true)[] 
 []


Overfull \hbox (26.24977pt too wide) in paragraph at lines 76--76
[]    \OT1/cmtt/m/n/10 {[] 
 []


Overfull \hbox (178.49844pt too wide) in paragraph at lines 76--76
[]    \OT1/cmtt/m/n/10 getJoystickSettings(joystick);[] 
 []


Overfull \hbox (78.74931pt too wide) in paragraph at lines 76--76
[]    \OT1/cmtt/m/n/10 movement();[] 
 []


Overfull \hbox (94.49918pt too wide) in paragraph at lines 76--76
[]    \OT1/cmtt/m/n/10 wait1Msec(50);[] 
 []


Overfull \hbox (26.24977pt too wide) in paragraph at lines 76--76
[]    \OT1/cmtt/m/n/10 }[] 
 []


Overfull \hbox (26.24977pt too wide) in paragraph at lines 76--76
[]    \OT1/cmtt/m/n/10 }[] 
 []


Overfull \hbox (15.74986pt too wide) in paragraph at lines 76--76
[]   [] 
 []


! LaTeX Error: Lonely \item--perhaps a missing list environment.

See the LaTeX manual or LaTeX Companion for explanation.
Type  H <return>  for immediate help.
 ...                                              
                                                  
l.79 	    \item R
                 esults of the test drive were analysed so as develop a conv...

Try typing  <return>  to proceed.
If that doesn't work, type  X <return>  to quit.

Missing character: There is no R in font nullfont!
Missing character: There is no e in font nullfont!
Missing character: There is no s in font nullfont!
Missing character: There is no u in font nullfont!
Missing character: There is no l in font nullfont!
Missing character: There is no t in font nullfont!
Missing character: There is no s in font nullfont!
Missing character: There is no o in font nullfont!
Missing character: There is no f in font nullfont!
Missing character: There is no t in font nullfont!
Missing character: There is no h in font nullfont!
Missing character: There is no e in font nullfont!
Missing character: There is no t in font nullfont!
Missing character: There is no e in font nullfont!
Missing character: There is no s in font nullfont!
Missing character: There is no t in font nullfont!
Missing character: There is no d in font nullfont!
Missing character: There is no r in font nullfont!
Missing character: There is no i in font nullfont!
Missing character: There is no v in font nullfont!
Missing character: There is no e in font nullfont!
Missing character: There is no w in font nullfont!
Missing character: There is no e in font nullfont!
Missing character: There is no r in font nullfont!
Missing character: There is no e in font nullfont!
Missing character: There is no a in font nullfont!
Missing character: There is no n in font nullfont!
Missing character: There is no a in font nullfont!
Missing character: There is no l in font nullfont!
Missing character: There is no y in font nullfont!
Missing character: There is no s in font nullfont!
Missing character: There is no e in font nullfont!
Missing character: There is no d in font nullfont!
Missing character: There is no s in font nullfont!
Missing character: There is no o in font nullfont!
Missing character: There is no a in font nullfont!
Missing character: There is no s in font nullfont!
Missing character: There is no d in font nullfont!
Missing character: There is no e in font nullfont!
Missing character: There is no v in font nullfont!
Missing character: There is no e in font nullfont!
Missing character: There is no l in font nullfont!
Missing character: There is no o in font nullfont!
Missing character: There is no p in font nullfont!
Missing character: There is no a in font nullfont!
Missing character: There is no c in font nullfont!
Missing character: There is no o in font nullfont!
Missing character: There is no n in font nullfont!
Missing character: There is no v in font nullfont!
Missing character: There is no e in font nullfont!
Missing character: There is no n in font nullfont!
Missing character: There is no i in font nullfont!
Missing character: There is no e in font nullfont!
Missing character: There is no n in font nullfont!
Missing character: There is no t in font nullfont!
Missing character: There is no c in font nullfont!
Missing character: There is no o in font nullfont!
Missing character: There is no n in font nullfont!
Missing character: There is no t in font nullfont!
Missing character: There is no r in font nullfont!
Missing character: There is no o in font nullfont!
Missing character: There is no l in font nullfont!
Missing character: There is no s in font nullfont!
Missing character: There is no y in font nullfont!
Missing character: There is no s in font nullfont!
Missing character: There is no t in font nullfont!
Missing character: There is no e in font nullfont!
Missing character: There is no m in font nullfont!
Missing character: There is no . in font nullfont!
Missing character: There is no A in font nullfont!
Missing character: There is no t in font nullfont!
Missing character: There is no f in font nullfont!
Missing character: There is no i in font nullfont!
Missing character: There is no r in font nullfont!
Missing character: There is no s in font nullfont!
Missing character: There is no t in font nullfont!
Missing character: There is no , in font nullfont!
Missing character: There is no t in font nullfont!
Missing character: There is no u in font nullfont!
Missing character: There is no r in font nullfont!
Missing character: There is no n in font nullfont!
Missing character: There is no i in font nullfont!
Missing character: There is no n in font nullfont!
Missing character: There is no g in font nullfont!
Missing character: There is no a in font nullfont!
Missing character: There is no r in font nullfont!
Missing character: There is no o in font nullfont!
Missing character: There is no u in font nullfont!
Missing character: There is no n in font nullfont!
Missing character: There is no d in font nullfont!
Missing character: There is no o in font nullfont!
Missing character: There is no n in font nullfont!
Missing character: There is no h in font nullfont!
Missing character: There is no i in font nullfont!
Missing character: There is no g in font nullfont!
Missing character: There is no h in font nullfont!
Missing character: There is no s in font nullfont!
Missing character: There is no p in font nullfont!
Missing character: There is no e in font nullfont!
Missing character: There is no e in font nullfont!
Missing character: There is no d in font nullfont!
Missing character: There is no i in font nullfont!
Missing character: There is no s in font nullfont!
Missing character: There is no u in font nullfont!
Missing character: There is no n in font nullfont!
Missing character: There is no a in font nullfont!
Missing character: There is no c in font nullfont!
Missing character: There is no c in font nullfont!
Missing character: There is no u in font nullfont!
Missing character: There is no r in font nullfont!
Missing character: There is no a in font nullfont!
Missing character: There is no t in font nullfont!
Missing character: There is no e in font nullfont!
Missing character: There is no . in font nullfont!
Missing character: There is no S in font nullfont!
Missing character: There is no o in font nullfont!
Missing character: There is no , in font nullfont!
Missing character: There is no t in font nullfont!
Missing character: There is no h in font nullfont!
Missing character: There is no e in font nullfont!
Missing character: There is no s in font nullfont!
Missing character: There is no p in font nullfont!
Missing character: There is no e in font nullfont!
Missing character: There is no e in font nullfont!
Missing character: There is no d in font nullfont!
Missing character: There is no o in font nullfont!
Missing character: There is no f in font nullfont!
Missing character: There is no t in font nullfont!
Missing character: There is no u in font nullfont!
Missing character: There is no r in font nullfont!
Missing character: There is no n in font nullfont!
Missing character: There is no w in font nullfont!
Missing character: There is no a in font nullfont!
Missing character: There is no s in font nullfont!
Missing character: There is no r in font nullfont!
Missing character: There is no e in font nullfont!
Missing character: There is no d in font nullfont!
Missing character: There is no u in font nullfont!
Missing character: There is no c in font nullfont!
Missing character: There is no e in font nullfont!
Missing character: There is no d in font nullfont!
Missing character: There is no p in font nullfont!
Missing character: There is no r in font nullfont!
Missing character: There is no o in font nullfont!
Missing character: There is no p in font nullfont!
Missing character: There is no o in font nullfont!
Missing character: There is no r in font nullfont!
Missing character: There is no t in font nullfont!
Missing character: There is no i in font nullfont!
Missing character: There is no o in font nullfont!
Missing character: There is no n in font nullfont!
Missing character: There is no a in font nullfont!
Missing character: There is no l in font nullfont!
Missing character: There is no l in font nullfont!
Missing character: There is no y in font nullfont!
Missing character: There is no t in font nullfont!
Missing character: There is no o in font nullfont!
Missing character: There is no s in font nullfont!
Missing character: There is no p in font nullfont!
Missing character: There is no e in font nullfont!
Missing character: There is no e in font nullfont!
Missing character: There is no d in font nullfont!
Missing character: There is no o in font nullfont!
Missing character: There is no f in font nullfont!
Missing character: There is no s in font nullfont!
Missing character: There is no t in font nullfont!
Missing character: There is no r in font nullfont!
Missing character: There is no a in font nullfont!
Missing character: There is no i in font nullfont!
Missing character: There is no g in font nullfont!
Missing character: There is no h in font nullfont!
Missing character: There is no t in font nullfont!
Missing character: There is no m in font nullfont!
Missing character: There is no o in font nullfont!
Missing character: There is no v in font nullfont!
Missing character: There is no e in font nullfont!
Missing character: There is no m in font nullfont!
Missing character: There is no e in font nullfont!
Missing character: There is no n in font nullfont!
Missing character: There is no t in font nullfont!
Missing character: There is no . in font nullfont!
Missing character: There is no T in font nullfont!
Missing character: There is no h in font nullfont!
Missing character: There is no e in font nullfont!
Missing character: There is no r in font nullfont!
Missing character: There is no e in font nullfont!
Missing character: There is no a in font nullfont!
Missing character: There is no l in font nullfont!
Missing character: There is no s in font nullfont!
Missing character: There is no o in font nullfont!
Missing character: There is no w in font nullfont!
Missing character: There is no e in font nullfont!
Missing character: There is no r in font nullfont!
Missing character: There is no e in font nullfont!
Missing character: There is no a in font nullfont!
Missing character: There is no d in font nullfont!
Missing character: There is no d in font nullfont!
Missing character: There is no e in font nullfont!
Missing character: There is no d in font nullfont!
Missing character: There is no e in font nullfont!
Missing character: There is no x in font nullfont!
Missing character: There is no t in font nullfont!
Missing character: There is no r in font nullfont!
Missing character: There is no a in font nullfont!
Missing character: There is no a in font nullfont!
Missing character: There is no c in font nullfont!
Missing character: There is no t in font nullfont!
Missing character: There is no i in font nullfont!
Missing character: There is no v in font nullfont!
Missing character: There is no e in font nullfont!
Missing character: There is no b in font nullfont!
Missing character: There is no u in font nullfont!
Missing character: There is no t in font nullfont!
Missing character: There is no t in font nullfont!
Missing character: There is no o in font nullfont!
Missing character: There is no n in font nullfont!
Missing character: There is no s in font nullfont!
Missing character: There is no f in font nullfont!
Missing character: There is no o in font nullfont!
Missing character: There is no r in font nullfont!
Missing character: There is no a in font nullfont!
Missing character: There is no c in font nullfont!
Missing character: There is no c in font nullfont!
Missing character: There is no u in font nullfont!
Missing character: There is no r in font nullfont!
Missing character: There is no a in font nullfont!
Missing character: There is no t in font nullfont!
Missing character: There is no e in font nullfont!
Missing character: There is no m in font nullfont!
Missing character: There is no o in font nullfont!
Missing character: There is no v in font nullfont!
Missing character: There is no e in font nullfont!
Missing character: There is no m in font nullfont!
Missing character: There is no e in font nullfont!
Missing character: There is no n in font nullfont!
Missing character: There is no t in font nullfont!
Missing character: There is no . in font nullfont!
Missing character: There is no M in font nullfont!
Missing character: There is no a in font nullfont!
Missing character: There is no i in font nullfont!
Missing character: There is no n in font nullfont!
Missing character: There is no d in font nullfont!
Missing character: There is no r in font nullfont!
Missing character: There is no i in font nullfont!
Missing character: There is no v in font nullfont!
Missing character: There is no e in font nullfont!
Missing character: There is no c in font nullfont!
Missing character: There is no o in font nullfont!
Missing character: There is no n in font nullfont!
Missing character: There is no t in font nullfont!
Missing character: There is no r in font nullfont!
Missing character: There is no o in font nullfont!
Missing character: There is no l in font nullfont!
Missing character: There is no w in font nullfont!
Missing character: There is no a in font nullfont!
Missing character: There is no s in font nullfont!
Missing character: There is no m in font nullfont!
Missing character: There is no o in font nullfont!
Missing character: There is no v in font nullfont!
Missing character: There is no e in font nullfont!
Missing character: There is no d in font nullfont!
Missing character: There is no f in font nullfont!
Missing character: There is no r in font nullfont!
Missing character: There is no o in font nullfont!
Missing character: There is no m in font nullfont!
Missing character: There is no T in font nullfont!
Missing character: There is no o in font nullfont!
Missing character: There is no p in font nullfont!
Missing character: There is no H in font nullfont!
Missing character: There is no a in font nullfont!
Missing character: There is no t in font nullfont!
Missing character: There is no t in font nullfont!
Missing character: There is no o in font nullfont!
Missing character: There is no a in font nullfont!
Missing character: There is no l in font nullfont!
Missing character: There is no e in font nullfont!
Missing character: There is no f in font nullfont!
Missing character: There is no t in font nullfont!
Missing character: There is no s in font nullfont!
Missing character: There is no t in font nullfont!
Missing character: There is no i in font nullfont!
Missing character: There is no c in font nullfont!
Missing character: There is no k in font nullfont!
Missing character: There is no . in font nullfont!
Missing character: There is no T in font nullfont!
Missing character: There is no h in font nullfont!
Missing character: There is no e in font nullfont!
Missing character: There is no o in font nullfont!
Missing character: There is no p in font nullfont!
Missing character: There is no e in font nullfont!
Missing character: There is no r in font nullfont!
Missing character: There is no a in font nullfont!
Missing character: There is no t in font nullfont!
Missing character: There is no i in font nullfont!
Missing character: There is no n in font nullfont!
Missing character: There is no g in font nullfont!
Missing character: There is no a in font nullfont!
Missing character: There is no r in font nullfont!
Missing character: There is no e in font nullfont!
Missing character: There is no a in font nullfont!
Missing character: There is no o in font nullfont!
Missing character: There is no f in font nullfont!
Missing character: There is no t in font nullfont!
Missing character: There is no h in font nullfont!
Missing character: There is no e in font nullfont!
Missing character: There is no s in font nullfont!
Missing character: There is no t in font nullfont!
Missing character: There is no i in font nullfont!
Missing character: There is no c in font nullfont!
Missing character: There is no k in font nullfont!
Missing character: There is no w in font nullfont!
Missing character: There is no a in font nullfont!
Missing character: There is no s in font nullfont!
Missing character: There is no d in font nullfont!
Missing character: There is no i in font nullfont!
Missing character: There is no v in font nullfont!
Missing character: There is no i in font nullfont!
Missing character: There is no d in font nullfont!
Missing character: There is no e in font nullfont!
Missing character: There is no d in font nullfont!
Missing character: There is no i in font nullfont!
Missing character: There is no n in font nullfont!
Missing character: There is no t in font nullfont!
Missing character: There is no o in font nullfont!
Missing character: There is no 8 in font nullfont!
Missing character: There is no z in font nullfont!
Missing character: There is no o in font nullfont!
Missing character: There is no n in font nullfont!
Missing character: There is no e in font nullfont!
Missing character: There is no s in font nullfont!
Missing character: There is no . in font nullfont!
Missing character: There is no Z in font nullfont!
Missing character: There is no o in font nullfont!
Missing character: There is no n in font nullfont!
Missing character: There is no e in font nullfont!
Missing character: There is no s in font nullfont!
Missing character: There is no 3 in font nullfont!
Missing character: There is no a in font nullfont!
Missing character: There is no n in font nullfont!
Missing character: There is no d in font nullfont!
Missing character: There is no 5 in font nullfont!
Missing character: There is no a in font nullfont!
Missing character: There is no r in font nullfont!
Missing character: There is no e in font nullfont!
Missing character: There is no n in font nullfont!
Missing character: There is no o in font nullfont!
Missing character: There is no t in font nullfont!
Missing character: There is no u in font nullfont!
Missing character: There is no s in font nullfont!
Missing character: There is no e in font nullfont!
Missing character: There is no d in font nullfont!
Missing character: There is no b in font nullfont!
Missing character: There is no e in font nullfont!
Missing character: There is no c in font nullfont!
Missing character: There is no a in font nullfont!
Missing character: There is no u in font nullfont!
Missing character: There is no s in font nullfont!
Missing character: There is no e in font nullfont!
Missing character: There is no o in font nullfont!
Missing character: There is no f in font nullfont!
Missing character: There is no u in font nullfont!
Missing character: There is no n in font nullfont!
Missing character: There is no c in font nullfont!
Missing character: There is no o in font nullfont!
Missing character: There is no n in font nullfont!
Missing character: There is no v in font nullfont!
Missing character: There is no e in font nullfont!
Missing character: There is no n in font nullfont!
Missing character: There is no i in font nullfont!
Missing character: There is no e in font nullfont!
Missing character: There is no n in font nullfont!
Missing character: There is no c in font nullfont!
Missing character: There is no e in font nullfont!
Missing character: There is no o in font nullfont!
Missing character: There is no f in font nullfont!
Missing character: There is no b in font nullfont!
Missing character: There is no a in font nullfont!
Missing character: There is no c in font nullfont!
Missing character: There is no k in font nullfont!
Missing character: There is no s in font nullfont!
Missing character: There is no e in font nullfont!
Missing character: There is no m in font nullfont!
Missing character: There is no i in font nullfont!
Missing character: There is no - in font nullfont!
Missing character: There is no t in font nullfont!
Missing character: There is no u in font nullfont!
Missing character: There is no r in font nullfont!
Missing character: There is no n in font nullfont!
Missing character: There is no s in font nullfont!
Missing character: There is no . in font nullfont!
Missing character: There is no H in font nullfont!
Missing character: There is no e in font nullfont!
Missing character: There is no r in font nullfont!
Missing character: There is no e in font nullfont!
Missing character: There is no i in font nullfont!
Missing character: There is no s in font nullfont!
Missing character: There is no t in font nullfont!
Missing character: There is no h in font nullfont!
Missing character: There is no e in font nullfont!
Missing character: There is no s in font nullfont!
Missing character: There is no o in font nullfont!
Missing character: There is no u in font nullfont!
Missing character: There is no r in font nullfont!
Missing character: There is no c in font nullfont!
Missing character: There is no e in font nullfont!
Missing character: There is no c in font nullfont!
Missing character: There is no o in font nullfont!
Missing character: There is no d in font nullfont!
Missing character: There is no e in font nullfont!
Missing character: There is no o in font nullfont!
Missing character: There is no f in font nullfont!
Missing character: There is no s in font nullfont!
Missing character: There is no e in font nullfont!
Missing character: There is no c in font nullfont!
Missing character: There is no o in font nullfont!
Missing character: There is no n in font nullfont!
Missing character: There is no d in font nullfont!
Missing character: There is no v in font nullfont!
Missing character: There is no e in font nullfont!
Missing character: There is no r in font nullfont!
Missing character: There is no s in font nullfont!
Missing character: There is no i in font nullfont!
Missing character: There is no o in font nullfont!
Missing character: There is no n in font nullfont!
Missing character: There is no : in font nullfont!
! Undefined control sequence.
l.82 	    {\small
                 
The control sequence at the end of the top line
of your error message was never \def'ed. If you have
misspelled it (e.g., `\hobx'), type `I' and the correct
spelling (e.g., `I\hbox'). Otherwise just continue,
and I'll forget about whatever was undefined.


Overfull \hbox (167.99854pt too wide) in paragraph at lines 235--235
[]     \OT1/cmtt/m/n/10 #include "JoystickDriver.c"[] 
 []


Overfull \hbox (78.74931pt too wide) in paragraph at lines 235--235
[]     \OT1/cmtt/m/n/10 int k = 2;[] 
 []


Overfull \hbox (110.24904pt too wide) in paragraph at lines 235--235
[]     \OT1/cmtt/m/n/10 int joy_result()[] 
 []


Overfull \hbox (31.49973pt too wide) in paragraph at lines 235--235
[]     \OT1/cmtt/m/n/10 {[] 
 []


Overfull \hbox (204.74821pt too wide) in paragraph at lines 235--235
[]     \OT1/cmtt/m/n/10 int horison_in = joystick.joy1_x1;[] 
 []


Overfull \hbox (209.99817pt too wide) in paragraph at lines 235--235
[]     \OT1/cmtt/m/n/10 int vertical_in = joystick.joy1_y1;[] 
 []


Overfull \hbox (110.24904pt too wide) in paragraph at lines 235--235
[]     \OT1/cmtt/m/n/10 int option = -1;[] 
 []


Overfull \hbox (104.99908pt too wide) in paragraph at lines 235--235
[]     \OT1/cmtt/m/n/10 int sector = 0;[] 
 []


Overfull \hbox (131.24886pt too wide) in paragraph at lines 235--235
[]     \OT1/cmtt/m/n/10 //determining sector[] 
 []


Overfull \hbox (204.74821pt too wide) in paragraph at lines 235--235
[]     \OT1/cmtt/m/n/10 if (vertical_in > 90) sector += 1;[] 
 []


Overfull \hbox (209.99817pt too wide) in paragraph at lines 235--235
[]     \OT1/cmtt/m/n/10 if (vertical_in < -90) sector += 4;[] 
 []


Overfull \hbox (204.74821pt too wide) in paragraph at lines 235--235
[]     \OT1/cmtt/m/n/10 if (horison_in > 100) sector += 2;[] 
 []


Overfull \hbox (209.99817pt too wide) in paragraph at lines 235--235
[]     \OT1/cmtt/m/n/10 if (horison_in < -100) sector += 8;[] 
 []


Overfull \hbox (89.24922pt too wide) in paragraph at lines 235--235
[]     \OT1/cmtt/m/n/10 //set option[] 
 []


Overfull \hbox (173.24849pt too wide) in paragraph at lines 235--235
[]     \OT1/cmtt/m/n/10 if (sector == 1) option = 0;[] 
 []


Overfull \hbox (173.24849pt too wide) in paragraph at lines 235--235
[]     \OT1/cmtt/m/n/10 if (sector == 3) option = 1;[] 
 []


Underfull \vbox (badness 1303) has occurred while \output is active []



! LaTeX Error: The font size command \normalsize is not defined:
               there is probably something wrong with the class file.

See the LaTeX manual or LaTeX Companion for explanation.
Type  H <return>  for immediate help.
 ...                                              
                                                  
l.235 	    	\end{verbatim}
                          
Your command was ignored.
Type  I <command> <return>  to replace it with another command,
or  <return>  to continue without it.

[1{C:/Users/robot30/AppData/Local/MiKTeX/2.9/pdftex/config/pdftex.map}]
Overfull \hbox (173.24849pt too wide) in paragraph at lines 235--235
[]     \OT1/cmtt/m/n/10 if (sector == 2) option = 2;[] 
 []


Overfull \hbox (173.24849pt too wide) in paragraph at lines 235--235
[]     \OT1/cmtt/m/n/10 if (sector == 6) option = 3;[] 
 []


Overfull \hbox (173.24849pt too wide) in paragraph at lines 235--235
[]     \OT1/cmtt/m/n/10 if (sector == 4) option = 4;[] 
 []


Overfull \hbox (178.49844pt too wide) in paragraph at lines 235--235
[]     \OT1/cmtt/m/n/10 if (sector == 12) option = 5;[] 
 []


Overfull \hbox (173.24849pt too wide) in paragraph at lines 235--235
[]     \OT1/cmtt/m/n/10 if (sector == 8) option = 6;[] 
 []


Overfull \hbox (173.24849pt too wide) in paragraph at lines 235--235
[]     \OT1/cmtt/m/n/10 if (sector == 9) option = 7;[] 
 []


Overfull \hbox (99.74913pt too wide) in paragraph at lines 235--235
[]     \OT1/cmtt/m/n/10 return option;[] 
 []


Overfull \hbox (31.49973pt too wide) in paragraph at lines 235--235
[]     \OT1/cmtt/m/n/10 }[] 
 []


Overfull \hbox (99.74913pt too wide) in paragraph at lines 235--235
[]     \OT1/cmtt/m/n/10 int setspeed()[] 
 []


Overfull \hbox (31.49973pt too wide) in paragraph at lines 235--235
[]     \OT1/cmtt/m/n/10 {[] 
 []


Overfull \hbox (104.99908pt too wide) in paragraph at lines 235--235
[]     \OT1/cmtt/m/n/10 if (joy1Btn(1))
 []


Overfull \hbox (52.49954pt too wide) in paragraph at lines 235--235
\OT1/cmtt/m/n/10 // 1 speed[] 
 []


Overfull \hbox (31.49973pt too wide) in paragraph at lines 235--235
[]     \OT1/cmtt/m/n/10 {[] 
 []


Overfull \hbox (57.7495pt too wide) in paragraph at lines 235--235
[]     \OT1/cmtt/m/n/10 k = 1;[] 
 []


Overfull \hbox (31.49973pt too wide) in paragraph at lines 235--235
[]     \OT1/cmtt/m/n/10 }[] 
 []


Overfull \hbox (104.99908pt too wide) in paragraph at lines 235--235
[]     \OT1/cmtt/m/n/10 if (joy1Btn(2))
 []


Overfull \hbox (52.49954pt too wide) in paragraph at lines 235--235
\OT1/cmtt/m/n/10 // 2 speed[] 
 []


Overfull \hbox (31.49973pt too wide) in paragraph at lines 235--235
[]     \OT1/cmtt/m/n/10 {[] 
 []


Overfull \hbox (57.7495pt too wide) in paragraph at lines 235--235
[]     \OT1/cmtt/m/n/10 k = 2;[] 
 []


Overfull \hbox (31.49973pt too wide) in paragraph at lines 235--235
[]     \OT1/cmtt/m/n/10 }[] 
 []


Overfull \hbox (104.99908pt too wide) in paragraph at lines 235--235
[]     \OT1/cmtt/m/n/10 if (joy1Btn(3))
 []


Overfull \hbox (52.49954pt too wide) in paragraph at lines 235--235
\OT1/cmtt/m/n/10 // 3 speed[] 
 []


Overfull \hbox (31.49973pt too wide) in paragraph at lines 235--235
[]     \OT1/cmtt/m/n/10 {[] 
 []


Overfull \hbox (57.7495pt too wide) in paragraph at lines 235--235
[]     \OT1/cmtt/m/n/10 k = 4;[] 
 []


Overfull \hbox (31.49973pt too wide) in paragraph at lines 235--235
[]     \OT1/cmtt/m/n/10 }[] 
 []


Overfull \hbox (104.99908pt too wide) in paragraph at lines 235--235
[]     \OT1/cmtt/m/n/10 if (joy1Btn(4))
 []


Overfull \hbox (52.49954pt too wide) in paragraph at lines 235--235
\OT1/cmtt/m/n/10 // 4 speed[] 
 []


Overfull \hbox (31.49973pt too wide) in paragraph at lines 235--235
[]     \OT1/cmtt/m/n/10 {[] 
 []


Overfull \hbox (57.7495pt too wide) in paragraph at lines 235--235
[]     \OT1/cmtt/m/n/10 k = 8;[] 
 []


Overfull \hbox (31.49973pt too wide) in paragraph at lines 235--235
[]     \OT1/cmtt/m/n/10 }[] 
 []


Overfull \hbox (73.49936pt too wide) in paragraph at lines 235--235
[]     \OT1/cmtt/m/n/10 return k;[] 
 []


Overfull \hbox (31.49973pt too wide) in paragraph at lines 235--235
[]     \OT1/cmtt/m/n/10 }[] 
 []


Overfull \hbox (136.49881pt too wide) in paragraph at lines 235--235
[]     \OT1/cmtt/m/n/10 void joy_accomplish()[] 
 []


Overfull \hbox (31.49973pt too wide) in paragraph at lines 235--235
[]     \OT1/cmtt/m/n/10 {[] 
 []


Overfull \hbox (104.99908pt too wide) in paragraph at lines 235--235
[]     \OT1/cmtt/m/n/10 int speed = 12;[] 
 []


Overfull \hbox (120.74895pt too wide) in paragraph at lines 235--235
[]     \OT1/cmtt/m/n/10 int turnspeed = 6;[] 
 []


Overfull \hbox (162.74858pt too wide) in paragraph at lines 235--235
[]     \OT1/cmtt/m/n/10 int option = joy_result();[] 
 []


Overfull \hbox (125.9989pt too wide) in paragraph at lines 235--235
[]     \OT1/cmtt/m/n/10 int k = setspeed();[] 
 []


Overfull \hbox (110.24904pt too wide) in paragraph at lines 235--235
[]     \OT1/cmtt/m/n/10 if (option == 0)
 []


Overfull \hbox (52.49954pt too wide) in paragraph at lines 235--235
\OT1/cmtt/m/n/10 // forward[] 
 []


Overfull \hbox (31.49973pt too wide) in paragraph at lines 235--235
[]     \OT1/cmtt/m/n/10 {[] 
 []


Overfull \hbox (204.74821pt too wide) in paragraph at lines 235--235
[]     \OT1/cmtt/m/n/10 motor[RB] = motor[RF] = speed * k;[] 
 []


Overfull \hbox (204.74821pt too wide) in paragraph at lines 235--235
[]     \OT1/cmtt/m/n/10 motor[LB] = motor[LF] = speed * k;[] 
 []


Overfull \hbox (31.49973pt too wide) in paragraph at lines 235--235
[]     \OT1/cmtt/m/n/10 }[] 
 []


Overfull \hbox (110.24904pt too wide) in paragraph at lines 235--235
[]     \OT1/cmtt/m/n/10 if (option == 4)
 []


Overfull \hbox (57.7495pt too wide) in paragraph at lines 235--235
\OT1/cmtt/m/n/10 // backward[] 
 []


Overfull \hbox (31.49973pt too wide) in paragraph at lines 235--235
[]     \OT1/cmtt/m/n/10 {[] 
 []


Overfull \hbox (209.99817pt too wide) in paragraph at lines 235--235
[]     \OT1/cmtt/m/n/10 motor[RB] = motor[RF] = -speed * k;[] 
 []


Overfull \hbox (209.99817pt too wide) in paragraph at lines 235--235
[]     \OT1/cmtt/m/n/10 motor[LB] = motor[LF] = -speed * k;[] 
 []


Overfull \hbox (31.49973pt too wide) in paragraph at lines 235--235
[]     \OT1/cmtt/m/n/10 }[] 
 []


Overfull \hbox (220.49808pt too wide) in paragraph at lines 235--235
[]     \OT1/cmtt/m/n/10 if (option == 6) // tank turn to left[] 
 []


Overfull \hbox (31.49973pt too wide) in paragraph at lines 235--235
[]     \OT1/cmtt/m/n/10 {[] 
 []


Overfull \hbox (225.74803pt too wide) in paragraph at lines 235--235
[]     \OT1/cmtt/m/n/10 motor[RB] = motor[RF] = turnspeed * k;[] 
 []


Overfull \hbox (230.99799pt too wide) in paragraph at lines 235--235
[]     \OT1/cmtt/m/n/10 motor[LB] = motor[LF] = -turnspeed * k;[] 
 []


Overfull \hbox (31.49973pt too wide) in paragraph at lines 235--235
[]     \OT1/cmtt/m/n/10 }[] 
 []


Overfull \hbox (110.24904pt too wide) in paragraph at lines 235--235
[]     \OT1/cmtt/m/n/10 if (option == 2)
 []


Overfull \hbox (110.24904pt too wide) in paragraph at lines 235--235
\OT1/cmtt/m/n/10 // tank turn to right[] 
 []


Overfull \hbox (31.49973pt too wide) in paragraph at lines 235--235
[]     \OT1/cmtt/m/n/10 {[] 
 []


Overfull \hbox (230.99799pt too wide) in paragraph at lines 235--235
[]     \OT1/cmtt/m/n/10 motor[RB] = motor[RF] = -turnspeed * k;[] 
 []


Overfull \hbox (225.74803pt too wide) in paragraph at lines 235--235
[]     \OT1/cmtt/m/n/10 motor[LB] = motor[LF] = turnspeed * k;[] 
 []


Overfull \hbox (31.49973pt too wide) in paragraph at lines 235--235
[]     \OT1/cmtt/m/n/10 }[] 
 []


Overfull \hbox (220.49808pt too wide) in paragraph at lines 235--235
[]     \OT1/cmtt/m/n/10 if (option == 7) // semi turn to left[] 
 []


Overfull \hbox (31.49973pt too wide) in paragraph at lines 235--235
[]     \OT1/cmtt/m/n/10 {[] 
 []


Overfull \hbox (204.74821pt too wide) in paragraph at lines 235--235
[]     \OT1/cmtt/m/n/10 motor[RB] = motor[RF] = speed * k;[] 
 []


Overfull \hbox (162.74858pt too wide) in paragraph at lines 235--235
[]     \OT1/cmtt/m/n/10 motor[LB] = motor[LF] = 0;[] 
 []


Overfull \hbox (31.49973pt too wide) in paragraph at lines 235--235
[]     \OT1/cmtt/m/n/10 }[] 
 []


Overfull \hbox (110.24904pt too wide) in paragraph at lines 235--235
[]     \OT1/cmtt/m/n/10 if (option == 1)
 []


Overfull \hbox (110.24904pt too wide) in paragraph at lines 235--235
\OT1/cmtt/m/n/10 // semi turn to right[] 
 []


Overfull \hbox (31.49973pt too wide) in paragraph at lines 235--235
[]     \OT1/cmtt/m/n/10 {[] 
 []


Overfull \hbox (162.74858pt too wide) in paragraph at lines 235--235
[]     \OT1/cmtt/m/n/10 motor[RB] = motor[RF] = 0;[] 
 []


Overfull \hbox (204.74821pt too wide) in paragraph at lines 235--235
[]     \OT1/cmtt/m/n/10 motor[LB] = motor[LF] = speed * k;[] 
 []


Overfull \hbox (31.49973pt too wide) in paragraph at lines 235--235
[]     \OT1/cmtt/m/n/10 }[] 
 []


Overfull \hbox (115.499pt too wide) in paragraph at lines 235--235
[]     \OT1/cmtt/m/n/10 if (option == -1)
 []


Overfull \hbox (36.74968pt too wide) in paragraph at lines 235--235
\OT1/cmtt/m/n/10 // stop[] 
 []


Overfull \hbox (31.49973pt too wide) in paragraph at lines 235--235
[]     \OT1/cmtt/m/n/10 {[] 
 []


Overfull \hbox (162.74858pt too wide) in paragraph at lines 235--235
[]     \OT1/cmtt/m/n/10 motor[RB] = motor[RF] = 0;[] 
 []


Overfull \hbox (162.74858pt too wide) in paragraph at lines 235--235
[]     \OT1/cmtt/m/n/10 motor[LB] = motor[LF] = 0;[] 
 []


Overfull \hbox (31.49973pt too wide) in paragraph at lines 235--235
[]     \OT1/cmtt/m/n/10 }[] 
 []


Overfull \hbox (31.49973pt too wide) in paragraph at lines 235--235
[]     \OT1/cmtt/m/n/10 }[] 
 []


Overfull \hbox (131.24886pt too wide) in paragraph at lines 235--235
[]     \OT1/cmtt/m/n/10 void accurate_turn()[] 
 []


Overfull \hbox (31.49973pt too wide) in paragraph at lines 235--235
[]     \OT1/cmtt/m/n/10 {[] 
 []


Overfull \hbox (325.49716pt too wide) in paragraph at lines 235--235
[]     \OT1/cmtt/m/n/10 if (joy1Btn(5) || joy1Btn(6) || joy1Btn(7) || joy1Btn(8
))[] 
 []


Overfull \hbox (31.49973pt too wide) in paragraph at lines 235--235
[]     \OT1/cmtt/m/n/10 {[] 
 []


Overfull \hbox (104.99908pt too wide) in paragraph at lines 235--235
[]     \OT1/cmtt/m/n/10 int speed = 24;[] 
 []


Overfull \hbox (125.9989pt too wide) in paragraph at lines 235--235
[]     \OT1/cmtt/m/n/10 int turnspeed = 12;[] 
 []


Overfull \hbox (131.24886pt too wide) in paragraph at lines 235--235
[]     \OT1/cmtt/m/n/10 int timeDelay = 100;[] 
 []


Overfull \hbox (104.99908pt too wide) in paragraph at lines 235--235
[]     \OT1/cmtt/m/n/10 if (joy1Btn(8))
 []


Overfull \hbox (99.74913pt too wide) in paragraph at lines 235--235
\OT1/cmtt/m/n/10 // accurate forward[] 
 []


Overfull \hbox (31.49973pt too wide) in paragraph at lines 235--235
[]     \OT1/cmtt/m/n/10 {[] 
 []


Overfull \hbox (183.7484pt too wide) in paragraph at lines 235--235
[]     \OT1/cmtt/m/n/10 motor[RB] = motor[RF] = speed;[] 
 []


Overfull \hbox (183.7484pt too wide) in paragraph at lines 235--235
[]     \OT1/cmtt/m/n/10 motor[LB] = motor[LF] = speed;[] 
 []


Overfull \hbox (136.49881pt too wide) in paragraph at lines 235--235
[]     \OT1/cmtt/m/n/10 wait1Msec(timeDelay);[] 
 []


Overfull \hbox (31.49973pt too wide) in paragraph at lines 235--235
[]     \OT1/cmtt/m/n/10 }[] 
 []


Overfull \hbox (104.99908pt too wide) in paragraph at lines 235--235
[]     \OT1/cmtt/m/n/10 if (joy1Btn(7))
 []


Overfull \hbox (104.99908pt too wide) in paragraph at lines 235--235
\OT1/cmtt/m/n/10 // accurate backward[] 
 []


Overfull \hbox (31.49973pt too wide) in paragraph at lines 235--235
[]     \OT1/cmtt/m/n/10 {[] 
 []


Overfull \hbox (188.99835pt too wide) in paragraph at lines 235--235
[]     \OT1/cmtt/m/n/10 motor[RB] = motor[RF] = -speed;[] 
 []


Overfull \hbox (188.99835pt too wide) in paragraph at lines 235--235
[]     \OT1/cmtt/m/n/10 motor[LB] = motor[LF] = -speed;[] 
 []


Overfull \hbox (136.49881pt too wide) in paragraph at lines 235--235
[]     \OT1/cmtt/m/n/10 wait1Msec(timeDelay);[] 
 []


Overfull \hbox (31.49973pt too wide) in paragraph at lines 235--235
[]     \OT1/cmtt/m/n/10 }[] 
 []


Overfull \hbox (104.99908pt too wide) in paragraph at lines 235--235
[]     \OT1/cmtt/m/n/10 if (joy1Btn(6))
 []


Overfull \hbox (89.24922pt too wide) in paragraph at lines 235--235
\OT1/cmtt/m/n/10 // accurate right[] 
 []


Overfull \hbox (31.49973pt too wide) in paragraph at lines 235--235
[]     \OT1/cmtt/m/n/10 {[] 
 []


Overfull \hbox (209.99817pt too wide) in paragraph at lines 235--235
[]     \OT1/cmtt/m/n/10 motor[RB] = motor[RF] = -turnspeed;[] 
 []


Overfull \hbox (204.74821pt too wide) in paragraph at lines 235--235
[]     \OT1/cmtt/m/n/10 motor[LB] = motor[LF] = turnspeed;[] 
 []


Overfull \hbox (136.49881pt too wide) in paragraph at lines 235--235
[]     \OT1/cmtt/m/n/10 wait1Msec(timeDelay);[] 
 []


Overfull \hbox (31.49973pt too wide) in paragraph at lines 235--235
[]     \OT1/cmtt/m/n/10 }[] 
 []


Overfull \hbox (104.99908pt too wide) in paragraph at lines 235--235
[]     \OT1/cmtt/m/n/10 if (joy1Btn(5))
 []


Overfull \hbox (83.99927pt too wide) in paragraph at lines 235--235
\OT1/cmtt/m/n/10 // accurate left[] 
 []


Overfull \hbox (31.49973pt too wide) in paragraph at lines 235--235
[]     \OT1/cmtt/m/n/10 {[] 
 []


Overfull \hbox (204.74821pt too wide) in paragraph at lines 235--235
[]     \OT1/cmtt/m/n/10 motor[RB] = motor[RF] = turnspeed;[] 
 []


Overfull \hbox (209.99817pt too wide) in paragraph at lines 235--235
[]     \OT1/cmtt/m/n/10 motor[LB] = motor[LF] = -turnspeed;[] 
 []


Overfull \hbox (136.49881pt too wide) in paragraph at lines 235--235
[]     \OT1/cmtt/m/n/10 wait1Msec(timeDelay);[] 
 []


Overfull \hbox (31.49973pt too wide) in paragraph at lines 235--235
[]     \OT1/cmtt/m/n/10 }[] 
 []


Overfull \hbox (162.74858pt too wide) in paragraph at lines 235--235
[]     \OT1/cmtt/m/n/10 motor[RB] = motor[RF] = 0;[] 
 []


Overfull \hbox (162.74858pt too wide) in paragraph at lines 235--235
[]     \OT1/cmtt/m/n/10 motor[LB] = motor[LF] = 0;[] 
 []


Overfull \hbox (99.74913pt too wide) in paragraph at lines 235--235
[]     \OT1/cmtt/m/n/10 wait1Msec(50);[] 
 []


Overfull \hbox (362.24684pt too wide) in paragraph at lines 235--235
[]     \OT1/cmtt/m/n/10 //while (joy1Btn(5) || joy1Btn(6) || joy1Btn(7) || joy1
Btn(8)){}[] 
 []


Overfull \hbox (31.49973pt too wide) in paragraph at lines 235--235
[]     \OT1/cmtt/m/n/10 }[] 
 []


Overfull \hbox (31.49973pt too wide) in paragraph at lines 235--235
[]     \OT1/cmtt/m/n/10 }[] 
 []


Overfull \hbox (83.99927pt too wide) in paragraph at lines 235--235
[]     \OT1/cmtt/m/n/10 task main()[] 
 []


Overfull \hbox (31.49973pt too wide) in paragraph at lines 235--235
[]     \OT1/cmtt/m/n/10 {[] 
 []


Overfull \hbox (162.74858pt too wide) in paragraph at lines 235--235
[]     \OT1/cmtt/m/n/10 motor[RB] = motor[RF] = 0;[] 
 []


Overfull \hbox (162.74858pt too wide) in paragraph at lines 235--235
[]     \OT1/cmtt/m/n/10 motor[LB] = motor[LF] = 0;[] 
 []


Overfull \hbox (83.99927pt too wide) in paragraph at lines 235--235
[]     \OT1/cmtt/m/n/10 while(true)[] 
 []


Overfull \hbox (31.49973pt too wide) in paragraph at lines 235--235
[]     \OT1/cmtt/m/n/10 {[] 
 []


Overfull \hbox (183.7484pt too wide) in paragraph at lines 235--235
[]     \OT1/cmtt/m/n/10 getJoystickSettings(joystick);[] 
 []


Overfull \hbox (110.24904pt too wide) in paragraph at lines 235--235
[]     \OT1/cmtt/m/n/10 accurate_turn();[] 
 []


Overfull \hbox (115.499pt too wide) in paragraph at lines 235--235
[]     \OT1/cmtt/m/n/10 joy_accomplish();[] 
 []


Overfull \hbox (31.49973pt too wide) in paragraph at lines 235--235
[]     \OT1/cmtt/m/n/10 }[] 
 []


Overfull \hbox (31.49973pt too wide) in paragraph at lines 235--235
[]     \OT1/cmtt/m/n/10 }[] 
 []


Overfull \hbox (20.99982pt too wide) in paragraph at lines 235--235
[]    [] 
 []


! LaTeX Error: Lonely \item--perhaps a missing list environment.

See the LaTeX manual or LaTeX Companion for explanation.
Type  H <return>  for immediate help.
 ...                                              
                                                  
l.238 	    \item D
                  ue to testing it was discovered, that optimal course speed...

Try typing  <return>  to proceed.
If that doesn't work, type  X <return>  to quit.

Missing character: There is no D in font nullfont!
Missing character: There is no u in font nullfont!
Missing character: There is no e in font nullfont!
Missing character: There is no t in font nullfont!
Missing character: There is no o in font nullfont!
Missing character: There is no t in font nullfont!
Missing character: There is no e in font nullfont!
Missing character: There is no s in font nullfont!
Missing character: There is no t in font nullfont!
Missing character: There is no i in font nullfont!
Missing character: There is no n in font nullfont!
Missing character: There is no g in font nullfont!
Missing character: There is no i in font nullfont!
Missing character: There is no t in font nullfont!
Missing character: There is no w in font nullfont!
Missing character: There is no a in font nullfont!
Missing character: There is no s in font nullfont!
Missing character: There is no d in font nullfont!
Missing character: There is no i in font nullfont!
Missing character: There is no s in font nullfont!
Missing character: There is no c in font nullfont!
Missing character: There is no o in font nullfont!
Missing character: There is no v in font nullfont!
Missing character: There is no e in font nullfont!
Missing character: There is no r in font nullfont!
Missing character: There is no e in font nullfont!
Missing character: There is no d in font nullfont!
Missing character: There is no , in font nullfont!
Missing character: There is no t in font nullfont!
Missing character: There is no h in font nullfont!
Missing character: There is no a in font nullfont!
Missing character: There is no t in font nullfont!
Missing character: There is no o in font nullfont!
Missing character: There is no p in font nullfont!
Missing character: There is no t in font nullfont!
Missing character: There is no i in font nullfont!
Missing character: There is no m in font nullfont!
Missing character: There is no a in font nullfont!
Missing character: There is no l in font nullfont!
Missing character: There is no c in font nullfont!
Missing character: There is no o in font nullfont!
Missing character: There is no u in font nullfont!
Missing character: There is no r in font nullfont!
Missing character: There is no s in font nullfont!
Missing character: There is no e in font nullfont!
Missing character: There is no s in font nullfont!
Missing character: There is no p in font nullfont!
Missing character: There is no e in font nullfont!
Missing character: There is no e in font nullfont!
Missing character: There is no d in font nullfont!
Missing character: There is no t in font nullfont!
Missing character: There is no o in font nullfont!
Missing character: There is no t in font nullfont!
Missing character: There is no u in font nullfont!
Missing character: There is no r in font nullfont!
Missing character: There is no n in font nullfont!
Missing character: There is no s in font nullfont!
Missing character: There is no p in font nullfont!
Missing character: There is no e in font nullfont!
Missing character: There is no e in font nullfont!
Missing character: There is no d in font nullfont!
Missing character: There is no p in font nullfont!
Missing character: There is no r in font nullfont!
Missing character: There is no o in font nullfont!
Missing character: There is no p in font nullfont!
Missing character: There is no o in font nullfont!
Missing character: There is no r in font nullfont!
Missing character: There is no t in font nullfont!
Missing character: There is no i in font nullfont!
Missing character: There is no o in font nullfont!
Missing character: There is no n in font nullfont!
Missing character: There is no v in font nullfont!
Missing character: There is no a in font nullfont!
Missing character: There is no r in font nullfont!
Missing character: There is no i in font nullfont!
Missing character: There is no e in font nullfont!
Missing character: There is no s in font nullfont!
Missing character: There is no n in font nullfont!
Missing character: There is no o in font nullfont!
Missing character: There is no n in font nullfont!
Missing character: There is no l in font nullfont!
Missing character: There is no i in font nullfont!
Missing character: There is no n in font nullfont!
Missing character: There is no e in font nullfont!
Missing character: There is no a in font nullfont!
Missing character: There is no r in font nullfont!
Missing character: There is no l in font nullfont!
Missing character: There is no y in font nullfont!
Missing character: There is no f in font nullfont!
Missing character: There is no r in font nullfont!
Missing character: There is no o in font nullfont!
Missing character: There is no m in font nullfont!
Missing character: There is no o in font nullfont!
Missing character: There is no n in font nullfont!
Missing character: There is no e in font nullfont!
Missing character: There is no s in font nullfont!
Missing character: There is no p in font nullfont!
Missing character: There is no e in font nullfont!
Missing character: There is no e in font nullfont!
Missing character: There is no d in font nullfont!
Missing character: There is no m in font nullfont!
Missing character: There is no o in font nullfont!
Missing character: There is no d in font nullfont!
Missing character: There is no e in font nullfont!
Missing character: There is no t in font nullfont!
Missing character: There is no o in font nullfont!
Missing character: There is no a in font nullfont!
Missing character: There is no n in font nullfont!
Missing character: There is no o in font nullfont!
Missing character: There is no t in font nullfont!
Missing character: There is no h in font nullfont!
Missing character: There is no e in font nullfont!
Missing character: There is no r in font nullfont!
Missing character: There is no . in font nullfont!
Missing character: There is no S in font nullfont!
Missing character: There is no o in font nullfont!
Missing character: There is no , in font nullfont!
Missing character: There is no i in font nullfont!
Missing character: There is no t in font nullfont!
Missing character: There is no ' in font nullfont!
Missing character: There is no s in font nullfont!
Missing character: There is no m in font nullfont!
Missing character: There is no o in font nullfont!
Missing character: There is no r in font nullfont!
Missing character: There is no e in font nullfont!
Missing character: There is no p in font nullfont!
Missing character: There is no r in font nullfont!
Missing character: There is no e in font nullfont!
Missing character: There is no f in font nullfont!
Missing character: There is no e in font nullfont!
Missing character: There is no r in font nullfont!
Missing character: There is no a in font nullfont!
Missing character: There is no b in font nullfont!
Missing character: There is no l in font nullfont!
Missing character: There is no e in font nullfont!
Missing character: There is no t in font nullfont!
Missing character: There is no o in font nullfont!
Missing character: There is no s in font nullfont!
Missing character: There is no e in font nullfont!
Missing character: There is no t in font nullfont!
Missing character: There is no s in font nullfont!
Missing character: There is no p in font nullfont!
Missing character: There is no e in font nullfont!
Missing character: There is no e in font nullfont!
Missing character: There is no d in font nullfont!
Missing character: There is no m in font nullfont!
Missing character: There is no o in font nullfont!
Missing character: There is no d in font nullfont!
Missing character: There is no e in font nullfont!
Missing character: There is no b in font nullfont!
Missing character: There is no y in font nullfont!
Missing character: There is no e in font nullfont!
Missing character: There is no x in font nullfont!
Missing character: There is no a in font nullfont!
Missing character: There is no c in font nullfont!
Missing character: There is no t in font nullfont!
Missing character: There is no v in font nullfont!
Missing character: There is no a in font nullfont!
Missing character: There is no l in font nullfont!
Missing character: There is no u in font nullfont!
Missing character: There is no e in font nullfont!
Missing character: There is no s in font nullfont!
Missing character: There is no o in font nullfont!
Missing character: There is no f in font nullfont!
Missing character: There is no b in font nullfont!
Missing character: There is no o in font nullfont!
Missing character: There is no t in font nullfont!
Missing character: There is no h in font nullfont!
Missing character: There is no s in font nullfont!
Missing character: There is no p in font nullfont!
Missing character: There is no e in font nullfont!
Missing character: There is no e in font nullfont!
Missing character: There is no d in font nullfont!
Missing character: There is no p in font nullfont!
Missing character: There is no a in font nullfont!
Missing character: There is no r in font nullfont!
Missing character: There is no a in font nullfont!
Missing character: There is no m in font nullfont!
Missing character: There is no e in font nullfont!
Missing character: There is no t in font nullfont!
Missing character: There is no e in font nullfont!
Missing character: There is no r in font nullfont!
Missing character: There is no s in font nullfont!
Missing character: There is no i in font nullfont!
Missing character: There is no n in font nullfont!
Missing character: There is no s in font nullfont!
Missing character: There is no t in font nullfont!
Missing character: There is no e in font nullfont!
Missing character: There is no a in font nullfont!
Missing character: There is no d in font nullfont!
Missing character: There is no o in font nullfont!
Missing character: There is no f in font nullfont!
Missing character: There is no c in font nullfont!
Missing character: There is no o in font nullfont!
Missing character: There is no m in font nullfont!
Missing character: There is no m in font nullfont!
Missing character: There is no o in font nullfont!
Missing character: There is no n in font nullfont!
Missing character: There is no c in font nullfont!
Missing character: There is no o in font nullfont!
Missing character: There is no e in font nullfont!
Missing character: There is no f in font nullfont!
Missing character: There is no f in font nullfont!
Missing character: There is no i in font nullfont!
Missing character: There is no c in font nullfont!
Missing character: There is no i in font nullfont!
Missing character: There is no e in font nullfont!
Missing character: There is no n in font nullfont!
Missing character: There is no t in font nullfont!
Missing character: There is no . in font nullfont!
Missing character: There is no I in font nullfont!
Missing character: There is no n in font nullfont!
Missing character: There is no a in font nullfont!
Missing character: There is no d in font nullfont!
Missing character: There is no d in font nullfont!
Missing character: There is no i in font nullfont!
Missing character: There is no t in font nullfont!
Missing character: There is no i in font nullfont!
Missing character: There is no o in font nullfont!
Missing character: There is no n in font nullfont!
Missing character: There is no , in font nullfont!
Missing character: There is no i in font nullfont!
Missing character: There is no t in font nullfont!
Missing character: There is no w in font nullfont!
Missing character: There is no a in font nullfont!
Missing character: There is no s in font nullfont!
Missing character: There is no d in font nullfont!
Missing character: There is no e in font nullfont!
Missing character: There is no c in font nullfont!
Missing character: There is no i in font nullfont!
Missing character: There is no d in font nullfont!
Missing character: There is no e in font nullfont!
Missing character: There is no d in font nullfont!
Missing character: There is no t in font nullfont!
Missing character: There is no o in font nullfont!
Missing character: There is no r in font nullfont!
Missing character: There is no e in font nullfont!
Missing character: There is no d in font nullfont!
Missing character: There is no u in font nullfont!
Missing character: There is no c in font nullfont!
Missing character: There is no e in font nullfont!
Missing character: There is no t in font nullfont!
Missing character: There is no h in font nullfont!
Missing character: There is no e in font nullfont!
Missing character: There is no n in font nullfont!
Missing character: There is no u in font nullfont!
Missing character: There is no m in font nullfont!
Missing character: There is no b in font nullfont!
Missing character: There is no e in font nullfont!
Missing character: There is no r in font nullfont!
Missing character: There is no o in font nullfont!
Missing character: There is no f in font nullfont!
Missing character: There is no s in font nullfont!
Missing character: There is no e in font nullfont!
Missing character: There is no c in font nullfont!
Missing character: There is no t in font nullfont!
Missing character: There is no o in font nullfont!
Missing character: There is no r in font nullfont!
Missing character: There is no s in font nullfont!
Missing character: There is no o in font nullfont!
Missing character: There is no n in font nullfont!
Missing character: There is no m in font nullfont!
Missing character: There is no a in font nullfont!
Missing character: There is no i in font nullfont!
Missing character: There is no n in font nullfont!
Missing character: There is no s in font nullfont!
Missing character: There is no t in font nullfont!
Missing character: There is no i in font nullfont!
Missing character: There is no c in font nullfont!
Missing character: There is no k in font nullfont!
Missing character: There is no ' in font nullfont!
Missing character: There is no s in font nullfont!
Missing character: There is no f in font nullfont!
Missing character: There is no r in font nullfont!
Missing character: There is no o in font nullfont!
Missing character: There is no m in font nullfont!
Missing character: There is no 8 in font nullfont!
Missing character: There is no t in font nullfont!
Missing character: There is no o in font nullfont!
Missing character: There is no 6 in font nullfont!
Missing character: There is no b in font nullfont!
Missing character: There is no e in font nullfont!
Missing character: There is no c in font nullfont!
Missing character: There is no a in font nullfont!
Missing character: There is no u in font nullfont!
Missing character: There is no s in font nullfont!
Missing character: There is no e in font nullfont!
Missing character: There is no 2 in font nullfont!
Missing character: There is no s in font nullfont!
Missing character: There is no e in font nullfont!
Missing character: There is no c in font nullfont!
Missing character: There is no t in font nullfont!
Missing character: There is no o in font nullfont!
Missing character: There is no r in font nullfont!
Missing character: There is no s in font nullfont!
Missing character: There is no w in font nullfont!
Missing character: There is no e in font nullfont!
Missing character: There is no r in font nullfont!
Missing character: There is no e in font nullfont!
Missing character: There is no n in font nullfont!
Missing character: There is no o in font nullfont!
Missing character: There is no t in font nullfont!
Missing character: There is no i in font nullfont!
Missing character: There is no n in font nullfont!
Missing character: There is no u in font nullfont!
Missing character: There is no s in font nullfont!
Missing character: There is no e in font nullfont!
Missing character: There is no . in font nullfont!
Missing character: There is no H in font nullfont!
Missing character: There is no e in font nullfont!
Missing character: There is no r in font nullfont!
Missing character: There is no e in font nullfont!
Missing character: There is no i in font nullfont!
Missing character: There is no s in font nullfont!
Missing character: There is no t in font nullfont!
Missing character: There is no h in font nullfont!
Missing character: There is no e in font nullfont!
Missing character: There is no c in font nullfont!
Missing character: There is no h in font nullfont!
Missing character: There is no a in font nullfont!
Missing character: There is no n in font nullfont!
Missing character: There is no g in font nullfont!
Missing character: There is no e in font nullfont!
Missing character: There is no d in font nullfont!
Missing character: There is no f in font nullfont!
Missing character: There is no r in font nullfont!
Missing character: There is no a in font nullfont!
Missing character: There is no g in font nullfont!
Missing character: There is no m in font nullfont!
Missing character: There is no e in font nullfont!
Missing character: There is no n in font nullfont!
Missing character: There is no t in font nullfont!
Missing character: There is no o in font nullfont!
Missing character: There is no f in font nullfont!
Missing character: There is no t in font nullfont!
Missing character: There is no h in font nullfont!
Missing character: There is no e in font nullfont!
Missing character: There is no c in font nullfont!
Missing character: There is no o in font nullfont!
Missing character: There is no d in font nullfont!
Missing character: There is no e in font nullfont!
Missing character: There is no : in font nullfont!
! Undefined control sequence.
l.241 	    {\small
                  
The control sequence at the end of the top line
of your error message was never \def'ed. If you have
misspelled it (e.g., `\hobx'), type `I' and the correct
spelling (e.g., `I\hbox'). Otherwise just continue,
and I'll forget about whatever was undefined.


Overfull \hbox (120.74895pt too wide) in paragraph at lines 269--269
[]       \OT1/cmtt/m/n/10 int joy_result()[] 
 []


Overfull \hbox (41.99963pt too wide) in paragraph at lines 269--269
[]       \OT1/cmtt/m/n/10 {[] 
 []


Overfull \hbox (194.2483pt too wide) in paragraph at lines 269--269
[]   \OT1/cmtt/m/n/10 int horison_in = joystick.joy1_x1;[] 
 []


Overfull \hbox (199.49826pt too wide) in paragraph at lines 269--269
[]   \OT1/cmtt/m/n/10 int vertical_in = joystick.joy1_y1;[] 
 []


Overfull \hbox (99.74913pt too wide) in paragraph at lines 269--269
[]   \OT1/cmtt/m/n/10 int option = -1;[] 
 []


Overfull \hbox (94.49918pt too wide) in paragraph at lines 269--269
[]   \OT1/cmtt/m/n/10 int sector = 0;[] 
 []


Overfull \hbox (120.74895pt too wide) in paragraph at lines 269--269
[]   \OT1/cmtt/m/n/10 //determining sector[] 
 []


Overfull \hbox (194.2483pt too wide) in paragraph at lines 269--269
[]   \OT1/cmtt/m/n/10 if (vertical_in > 10) sector += 1;[] 
 []


Overfull \hbox (199.49826pt too wide) in paragraph at lines 269--269
[]   \OT1/cmtt/m/n/10 if (vertical_in < -10) sector += 4;[] 
 []


Overfull \hbox (188.99835pt too wide) in paragraph at lines 269--269
[]   \OT1/cmtt/m/n/10 if (horison_in > 80) sector += 2;[] 
 []


Overfull \hbox (194.2483pt too wide) in paragraph at lines 269--269
[]   \OT1/cmtt/m/n/10 if (horison_in < -80) sector += 8;[] 
 []


Overfull \hbox (78.74931pt too wide) in paragraph at lines 269--269
[]   \OT1/cmtt/m/n/10 //set option[] 
 []


Overfull \hbox (162.74858pt too wide) in paragraph at lines 269--269
[]   \OT1/cmtt/m/n/10 if (sector == 1) option = 0;[] 
 []


Overfull \hbox (162.74858pt too wide) in paragraph at lines 269--269
[]   \OT1/cmtt/m/n/10 if (sector == 3) option = 1;[] 
 []


Overfull \hbox (325.49716pt too wide) in paragraph at lines 269--269
[]   \OT1/cmtt/m/n/10 if (sector == 2) option = 3; // sectors 3 & 5 won't be us
ed[] 
 []


Overfull \hbox (162.74858pt too wide) in paragraph at lines 269--269
[]   \OT1/cmtt/m/n/10 if (sector == 6) option = 2;[] 
 []


Overfull \hbox (162.74858pt too wide) in paragraph at lines 269--269
[]   \OT1/cmtt/m/n/10 if (sector == 4) option = 4;[] 
 []


Overfull \hbox (167.99854pt too wide) in paragraph at lines 269--269
[]   \OT1/cmtt/m/n/10 if (sector == 12) option = 6;[] 
 []


Overfull \hbox (188.99835pt too wide) in paragraph at lines 269--269
[]   \OT1/cmtt/m/n/10 if (sector == 8) option = 5; ////[] 
 []


Overfull \hbox (162.74858pt too wide) in paragraph at lines 269--269
[]   \OT1/cmtt/m/n/10 if (sector == 9) option = 7;[] 
 []


Overfull \hbox (89.24922pt too wide) in paragraph at lines 269--269
[]   \OT1/cmtt/m/n/10 return option;[] 
 []


Overfull \hbox (41.99963pt too wide) in paragraph at lines 269--269
[]       \OT1/cmtt/m/n/10 }[] 
 []


Overfull \hbox (36.74968pt too wide) in paragraph at lines 269--269
[]       [] 
 []


! LaTeX Error: Lonely \item--perhaps a missing list environment.

See the LaTeX manual or LaTeX Companion for explanation.
Type  H <return>  for immediate help.
 ...                                              
                                                  
l.272         \item T
                     hen the program was rewritten in Android Studio.
Try typing  <return>  to proceed.
If that doesn't work, type  X <return>  to quit.

Missing character: There is no T in font nullfont!
Missing character: There is no h in font nullfont!
Missing character: There is no e in font nullfont!
Missing character: There is no n in font nullfont!
Missing character: There is no t in font nullfont!
Missing character: There is no h in font nullfont!
Missing character: There is no e in font nullfont!
Missing character: There is no p in font nullfont!
Missing character: There is no r in font nullfont!
Missing character: There is no o in font nullfont!
Missing character: There is no g in font nullfont!
Missing character: There is no r in font nullfont!
Missing character: There is no a in font nullfont!
Missing character: There is no m in font nullfont!
Missing character: There is no w in font nullfont!
Missing character: There is no a in font nullfont!
Missing character: There is no s in font nullfont!
Missing character: There is no r in font nullfont!
Missing character: There is no e in font nullfont!
Missing character: There is no w in font nullfont!
Missing character: There is no r in font nullfont!
Missing character: There is no i in font nullfont!
Missing character: There is no t in font nullfont!
Missing character: There is no t in font nullfont!
Missing character: There is no e in font nullfont!
Missing character: There is no n in font nullfont!
Missing character: There is no i in font nullfont!
Missing character: There is no n in font nullfont!
Missing character: There is no A in font nullfont!
Missing character: There is no n in font nullfont!
Missing character: There is no d in font nullfont!
Missing character: There is no r in font nullfont!
Missing character: There is no o in font nullfont!
Missing character: There is no i in font nullfont!
Missing character: There is no d in font nullfont!
Missing character: There is no S in font nullfont!
Missing character: There is no t in font nullfont!
Missing character: There is no u in font nullfont!
Missing character: There is no d in font nullfont!
Missing character: There is no i in font nullfont!
Missing character: There is no o in font nullfont!
Missing character: There is no . in font nullfont!

! LaTeX Error: \begin{document} ended by \end{enumerate*}.

See the LaTeX manual or LaTeX Companion for explanation.
Type  H <return>  for immediate help.
 ...                                              
                                                  
l.273   \end{enumerate*}
                        
Your command was ignored.
Type  I <command> <return>  to replace it with another command,
or  <return>  to continue without it.

! Undefined control sequence.
l.276 \fillpage
               
The control sequence at the end of the top line
of your error message was never \def'ed. If you have
misspelled it (e.g., `\hobx'), type `I' and the correct
spelling (e.g., `I\hbox'). Otherwise just continue,
and I'll forget about whatever was undefined.

)
! Emergency stop.
<*> driver-control.tex
                      
*** (job aborted, no legal \end found)

 
Here is how much of TeX's memory you used:
 18 strings out of 493921
 547 string characters out of 3144870
 68729 words of memory out of 3000000
 3407 multiletter control sequences out of 15000+200000
 4116 words of font info for 16 fonts, out of 3000000 for 9000
 841 hyphenation exceptions out of 8191
 18i,4n,12p,456b,244s stack positions out of 5000i,500n,10000p,200000b,50000s
!  ==> Fatal error occurred, no output PDF file produced!
